        -:    0:Source:grep_orig.c
        -:    0:Graph:grep_orig.gcno
        -:    0:Data:grep_orig.gcda
        -:    0:Runs:39787
        -:    0:Programs:1
        -:    1:/* grep.c - main driver file for grep.
        -:    2:   Copyright (C) 1992 Free Software Foundation, Inc.
        -:    3:
        -:    4:   This program is free software; you can redistribute it and/or modify
        -:    5:   it under the terms of the GNU General Public License as published by
        -:    6:   the Free Software Foundation; either version 2, or (at your option)
        -:    7:   any later version.
        -:    8:
        -:    9:   This program is distributed in the hope that it will be useful,
        -:   10:   but WITHOUT ANY WARRANTY; without even the implied warranty of
        -:   11:   MERCHANTABILITY or FITNESS FOR A PARTICULAR PURPOSE.  See the
        -:   12:   GNU General Public License for more details.
        -:   13:
        -:   14:   You should have received a copy of the GNU General Public License
        -:   15:   along with this program; if not, write to the Free Software
        -:   16:   Foundation, Inc., 675 Mass Ave, Cambridge, MA 02139, USA.
        -:   17:
        -:   18:   Written July 1992 by Mike Haertel.  */
        -:   19:
        -:   20:/* I added a series define from makefile here in order to run cfe */
        -:   21:#define GREP 1
        -:   22:#define STDC_HEADERS 1
        -:   23:#define HAVE_STRING_H 1
        -:   24:#define HAVE_SYS_PARAM_H 1
        -:   25:#define HAVE_UNISTD_H 1
        -:   26:#define HAVE_ALLOCA_H 1
        -:   27:#define HAVE_GETPAGESIZE 1
        -:   28:#define HAVE_MEMCHR 1
        -:   29:#define HAVE_STRERROR 1
        -:   30:#define HAVE_VALLOC 1
        -:   31:#define HAVE_WORKING_MMAP 1
        -:   32:#define LINUX 1
        -:   33:/*** end of cfe purpose **/
        -:   34:
        -:   35:#include <errno.h>
        -:   36:#include <stdio.h>
        -:   37:
        -:   38:/*******IMPORTANT CHANGE for let stderr redirect to a file *******/
        -:   39:#undef stderr
        -:   40:#define stderr stdout
        -:   41:/******* FINISH IMPORTANT CHANGE *********/
        -:   42:
        -:   43:#ifndef errno
        -:   44:extern int errno;
        -:   45:#endif
        -:   46:
        -:   47:#ifdef STDC_HEADERS
        -:   48:#include <stdlib.h>
        -:   49:#define flag_stdlib 1
        -:   50:#else
        -:   51:#include <sys/types.h>
        -:   52:#define flag_systypes 1
        -:   53:extern char *malloc(), *realloc();
        -:   54:extern void free();
        -:   55:#endif
        -:   56:
        -:   57:#if defined(STDC_HEADERS) || defined(HAVE_STRING_H)
        -:   58:#include <string.h>
        -:   59:#define flag_string 1
        -:   60:#ifdef NEED_MEMORY_H
        -:   61:#include <memory.h>
        -:   62:#define flag_memory 1
        -:   63:#endif
        -:   64:#else
        -:   65:#include <strings.h>
        -:   66:#define flag_strings 1
        -:   67:#ifdef __STDC__
        -:   68:extern void *memchr();
        -:   69:#else
        -:   70:extern char *memchr();
        -:   71:#endif
        -:   72:#define strrchr rindex
        -:   73:#endif
        -:   74:
        -:   75:#ifdef HAVE_UNISTD_H
        -:   76:#if flag_systypes==0
        -:   77:#include <sys/types.h>
        -:   78:#define flag_systypes 1
        -:   79:#endif
        -:   80:#include <fcntl.h>
        -:   81:#include <unistd.h>
        -:   82:#else
        -:   83:#define O_RDONLY 0
        -:   84:extern int open(), read(), close();
        -:   85:#endif
        -:   86:
        -:   87:#include "getpagesize.h"
        -:   88:#include "grep.h"
        -:   89:
        -:   90:#undef MAX
        -:   91:#define MAX(A,B) ((A) > (B) ? (A) : (B))
        -:   92:
        -:   93:/* Provide missing ANSI features if necessary. */
        -:   94:
        -:   95:#ifndef HAVE_STRERROR
        -:   96:extern int sys_nerr;
        -:   97:extern char *sys_errlist[];
        -:   98:#define strerror(E) ((E) < sys_nerr ? sys_errlist[(E)] : "bogus error number")
        -:   99:#endif
        -:  100:
        -:  101:#ifndef HAVE_MEMCHR
        -:  102:#ifdef __STDC__
        -:  103:#define VOID void
        -:  104:#else
        -:  105:#define VOID char
        -:  106:#endif
        -:  107:VOID *
        -:  108:memchr(vp, c, n)
        -:  109:     VOID *vp;
        -:  110:     int c;
        -:  111:     size_t n;
        -:  112:{
        -:  113:  unsigned char *p;
        -:  114:
        -:  115:  for (p = (unsigned char *) vp; n--; ++p)
        -:  116:    if (*p == c)
        -:  117:      return (VOID *) p;
        -:  118:  return 0;
        -:  119:}
        -:  120:#endif
        -:  121:    
        -:  122:/* Define flags declared in grep.h. */
        -:  123:char *matcher;
        -:  124:int match_icase;
        -:  125:int match_words;
        -:  126:int match_lines;
        -:  127:
        -:  128:/* Functions we'll use to search. */
        -:  129:static void (*compile)();
        -:  130:static char *(*execute)();
        -:  131:
        -:  132:/* For error messages. */
        -:  133:static char *prog;
        -:  134:static char *filename;
        -:  135:static int errseen;
        -:  136:
        -:  137:/* Print a message and possibly an error string.  Remember
        -:  138:   that something awful happened. */
        -:  139:static void
function error called 746 returned 100% blocks executed 100%
      746:  140:error(mesg, errnum)
        -:  141:#ifdef __STDC__
        -:  142:     const
        -:  143:#endif
        -:  144:     char *mesg;
        -:  145:     int errnum;
        -:  146:{
      746:  147:  if (errnum)
branch  0 taken 60% (fallthrough)
branch  1 taken 40%
      450:  148:    fprintf(stderr, "%s: %s: %s\n", prog, mesg, strerror(errnum));
call    0 returned 100%
call    1 returned 100%
        -:  149:  else
      296:  150:    fprintf(stderr, "%s: %s\n", prog, mesg);
call    0 returned 100%
      746:  151:  errseen = 1;
      746:  152:}
        -:  153:
        -:  154:/* Like error(), but die horribly after printing. */
        -:  155:void
function fatal called 541 returned 0% blocks executed 100%
      541:  156:fatal(mesg, errnum)
        -:  157:#ifdef __STDC__
        -:  158:     const
        -:  159:#endif
        -:  160:     char *mesg;
        -:  161:     int errnum;
        -:  162:{
      541:  163:  error(mesg, errnum);
call    0 returned 100%
      541:  164:  exit(2);
call    0 returned 0%
        -:  165:}
        -:  166:
        -:  167:/* Interface to handle errors and fix library lossage. */
        -:  168:char *
function xmalloc called 17862 returned 100% blocks executed 75%
    17862:  169:xmalloc(size)
        -:  170:     size_t size;
        -:  171:{
        -:  172:  char *result;
        -:  173:
    17862:  174:  result = malloc(size);
    17862:  175:  if (size && !result)
branch  0 taken 100% (fallthrough)
branch  1 taken 0%
branch  2 taken 0% (fallthrough)
branch  3 taken 100%
    #####:  176:    fatal("memory exhausted", 0);
call    0 never executed
    17862:  177:  return result;
        -:  178:}
        -:  179:
        -:  180:/* Interface to handle errors and fix some library lossage. */
        -:  181:char *
function xrealloc called 202 returned 100% blocks executed 71%
      202:  182:xrealloc(ptr, size)
        -:  183:     char *ptr;
        -:  184:     size_t size;
        -:  185:{
        -:  186:  char *result;
        -:  187:
      202:  188:  if (ptr)
branch  0 taken 0% (fallthrough)
branch  1 taken 100%
    #####:  189:    result = realloc(ptr, size);
        -:  190:  else
      202:  191:    result = malloc(size);
      202:  192:  if (size && !result)
branch  0 taken 100% (fallthrough)
branch  1 taken 0%
branch  2 taken 0% (fallthrough)
branch  3 taken 100%
    #####:  193:    fatal("memory exhausted", 0);
call    0 never executed
      202:  194:  return result;
        -:  195:}
        -:  196:
        -:  197:#if !defined(HAVE_VALLOC)
        -:  198:#define valloc malloc
        -:  199:#else
        -:  200:#ifdef __STDC__
        -:  201:extern void *valloc(size_t);
        -:  202:#else
        -:  203:extern char *valloc();
        -:  204:#endif
        -:  205:#endif
        -:  206:
        -:  207:/* Hairy buffering mechanism for grep.  The intent is to keep
        -:  208:   all reads aligned on a page boundary and multiples of the
        -:  209:   page size. */
        -:  210:
        -:  211:static char *buffer;		/* Base of buffer. */
        -:  212:static size_t bufsalloc;	/* Allocated size of buffer save region. */
        -:  213:static size_t bufalloc;		/* Total buffer size. */
        -:  214:static int bufdesc;		/* File descriptor. */
        -:  215:static char *bufbeg;		/* Beginning of user-visible stuff. */
        -:  216:static char *buflim;		/* Limit of user-visible stuff. */
        -:  217:
        -:  218:#if defined(HAVE_WORKING_MMAP)
        -:  219:#if flag_systypes==0
        -:  220:#include <sys/types.h>
        -:  221:#define flag_systypes 1
        -:  222:#endif
        -:  223:#include <sys/stat.h>
        -:  224:#include <sys/mman.h>
        -:  225:
        -:  226:static int bufmapped;		/* True for ordinary files. */
        -:  227:static struct stat bufstat;	/* From fstat(). */
        -:  228:static off_t bufoffset;		/* What read() normally remembers. */
        -:  229:#endif
        -:  230:
        -:  231:/* Reset the buffer for a new file.  Initialize
        -:  232:   on the first time through. */
        -:  233:void
function reset called 12504 returned 100% blocks executed 92%
    12504:  234:reset(fd)
        -:  235:     int fd;
        -:  236:{
        -:  237:  static int initialized;
        -:  238:
    12504:  239:  if (!initialized)
branch  0 taken 99% (fallthrough)
branch  1 taken 1%
        -:  240:    {
    12493:  241:      initialized = 1;
        -:  242:#ifndef BUFSALLOC
    12493:  243:      bufsalloc = MAX(8192, getpagesize());
call    0 returned 100%
        -:  244:#else
        -:  245:      bufsalloc = BUFSALLOC;
        -:  246:#endif
    12493:  247:      bufalloc = 5 * bufsalloc;
        -:  248:      /* The 1 byte of overflow is a kludge for dfaexec(), which
        -:  249:	 inserts a sentinel newline at the end of the buffer
        -:  250:	 being searched.  There's gotta be a better way... */
    12493:  251:      buffer = valloc(bufalloc + 1);
call    0 returned 100%
    12493:  252:      if (!buffer)
branch  0 taken 0% (fallthrough)
branch  1 taken 100%
    #####:  253:	fatal("memory exhausted", 0);
call    0 never executed
    12493:  254:      bufbeg = buffer;
    12493:  255:      buflim = buffer;
        -:  256:    }
    12504:  257:  bufdesc = fd;
        -:  258:#if defined(HAVE_WORKING_MMAP)
    21780:  259:  if (fstat(fd, &bufstat) < 0 || !S_ISREG(bufstat.st_mode))
call    0 returned 100%
branch  1 taken 100% (fallthrough)
branch  2 taken 0%
branch  3 taken 74% (fallthrough)
branch  4 taken 26%
     9276:  260:    bufmapped = 0;
        -:  261:  else
        -:  262:    {
     3228:  263:      bufmapped = 1;
     3228:  264:      bufoffset = lseek(fd, 0, 1);
call    0 returned 100%
        -:  265:    }
        -:  266:#endif
    12504:  267:}
        -:  268:
        -:  269:/* Read new stuff into the buffer, saving the specified
        -:  270:   amount of old stuff.  When we're done, 'bufbeg' points
        -:  271:   to the beginning of the buffer contents, and 'buflim'
        -:  272:   points just after the end.  Return count of new stuff. */
        -:  273:static int
function fillbuf called 15732 returned 100% blocks executed 58%
    15732:  274:fillbuf(save)
        -:  275:     size_t save;
        -:  276:{
        -:  277:  char *nbuffer, *dp, *sp;
        -:  278:  int cc;
        -:  279:#if defined(HAVE_WORKING_MMAP)
        -:  280:  caddr_t maddr;
        -:  281:#endif
        -:  282:  static int pagesize;
        -:  283:
    15732:  284:  if (pagesize == 0 && (pagesize = getpagesize()) == 0)
branch  0 taken 79% (fallthrough)
branch  1 taken 21%
call    2 returned 100%
branch  3 taken 0% (fallthrough)
branch  4 taken 100%
    #####:  285:    abort();
call    0 never executed
        -:  286:
    15732:  287:  if (save > bufsalloc)
branch  0 taken 0% (fallthrough)
branch  1 taken 100%
        -:  288:    {
    #####:  289:      while (save > bufsalloc)
branch  0 never executed
branch  1 never executed
    #####:  290:	bufsalloc *= 2;
    #####:  291:      bufalloc = 5 * bufsalloc;
    #####:  292:      nbuffer = valloc(bufalloc + 1);
call    0 never executed
    #####:  293:      if (!nbuffer)
branch  0 never executed
branch  1 never executed
    #####:  294:	fatal("memory exhausted", 0);
call    0 never executed
        -:  295:    }
        -:  296:  else
    15732:  297:    nbuffer = buffer;
        -:  298:
    15732:  299:  sp = buflim - save;
    15732:  300:  dp = nbuffer + bufsalloc - save;
    15732:  301:  bufbeg = dp;
    31753:  302:  while (save--)
branch  0 taken 2%
branch  1 taken 98% (fallthrough)
      289:  303:    *dp++ = *sp++;
        -:  304:
        -:  305:  /* We may have allocated a new, larger buffer.  Since
        -:  306:     there is no portable vfree(), we just have to forget
        -:  307:     about the old one.  Sorry. */
    15732:  308:  buffer = nbuffer;
        -:  309:
        -:  310:#if defined(HAVE_WORKING_MMAP)
    18960:  311:  if (bufmapped && bufoffset % pagesize == 0
branch  0 taken 21% (fallthrough)
branch  1 taken 79%
branch  2 taken 100% (fallthrough)
branch  3 taken 0%
branch  4 taken 0% (fallthrough)
branch  5 taken 100%
     3228:  312:      && bufstat.st_size - bufoffset >= bufalloc - bufsalloc)
        -:  313:    {
    #####:  314:      maddr = buffer + bufsalloc;
    #####:  315:      maddr = mmap(maddr, bufalloc - bufsalloc, PROT_READ | PROT_WRITE,
call    0 never executed
        -:  316:		   MAP_PRIVATE | MAP_FIXED, bufdesc, bufoffset);
    #####:  317:      if (maddr == (caddr_t) -1)
branch  0 never executed
branch  1 never executed
        -:  318:	{
    #####:  319:	  fprintf(stderr, "%s: warning: %s: %s\n", filename,
call    0 never executed
call    1 never executed
call    2 never executed
        -:  320:		  strerror(errno));
    #####:  321:	  goto tryread;
        -:  322:	}
        -:  323:#if 0
        -:  324:      /* You might thing this (or MADV_WILLNEED) would help,
        -:  325:	 but it doesn't, at least not on a Sun running 4.1.
        -:  326:	 In fact, it actually slows us down about 30%! */
        -:  327:      madvise(maddr, bufalloc - bufsalloc, MADV_SEQUENTIAL);
        -:  328:#endif
    #####:  329:      cc = bufalloc - bufsalloc;
    #####:  330:      bufoffset += cc;
        -:  331:    }
        -:  332:  else
        -:  333:    {
        -:  334:    tryread:
        -:  335:      /* We come here when we're not going to use mmap() any more.
        -:  336:	 Note that we need to synchronize the file offset the
        -:  337:	 first time through. */
    15732:  338:      if (bufmapped)
branch  0 taken 21% (fallthrough)
branch  1 taken 79%
        -:  339:	{
     3228:  340:	  bufmapped = 0;
     3228:  341:	  lseek(bufdesc, bufoffset, 0);
call    0 returned 100%
        -:  342:	}
    15732:  343:      cc = read(bufdesc, buffer + bufsalloc, bufalloc - bufsalloc);
call    0 returned 100%
        -:  344:    }
        -:  345:#else
        -:  346:  cc = read(bufdesc, buffer + bufsalloc, bufalloc - bufsalloc);
        -:  347:#endif
    15732:  348:  if (cc > 0)
branch  0 taken 21% (fallthrough)
branch  1 taken 79%
     3228:  349:    buflim = buffer + bufsalloc + cc;
        -:  350:  else
    12504:  351:    buflim = buffer + bufsalloc;
    15732:  352:  return cc;
        -:  353:}
        -:  354:
        -:  355:/* Flags controlling the style of output. */
        -:  356:static int out_quiet;		/* Suppress all normal output. */
        -:  357:static int out_invert;		/* Print nonmatching stuff. */
        -:  358:static int out_file;		/* Print filenames. */
        -:  359:static int out_line;		/* Print line numbers. */
        -:  360:static int out_byte;		/* Print byte offsets. */
        -:  361:static int out_before;		/* Lines of leading context. */
        -:  362:static int out_after;		/* Lines of trailing context. */
        -:  363:
        -:  364:/* Internal variables to keep track of byte count, context, etc. */
        -:  365:static size_t totalcc;		/* Total character count before bufbeg. */
        -:  366:static char *lastnl;		/* Pointer after last newline counted. */
        -:  367:static char *lastout;		/* Pointer after last character output;
        -:  368:				   NULL if no character has been output
        -:  369:				   or if it's conceptually before bufbeg. */
        -:  370:static size_t totalnl;		/* Total newline count before lastnl. */
        -:  371:static int pending;		/* Pending lines of output. */
        -:  372:
        -:  373:static void
function nlscan called 2647 returned 100% blocks executed 100%
     2647:  374:nlscan(lim)
        -:  375:     char *lim;
        -:  376:{
        -:  377:  char *beg;
        -:  378:
   484980:  379:  for (beg = lastnl; beg < lim; ++beg)
branch  0 taken 99%
branch  1 taken 1% (fallthrough)
   482333:  380:    if (*beg == '\n')
branch  0 taken 3% (fallthrough)
branch  1 taken 97%
    13065:  381:      ++totalnl;
     2647:  382:  lastnl = beg;
     2647:  383:}
        -:  384:
        -:  385:static void
function prline called 318724 returned 100% blocks executed 86%
   318724:  386:prline(beg, lim, sep)
        -:  387:     char *beg;
        -:  388:     char *lim;
        -:  389:     char sep;
        -:  390:{
   318724:  391:  if (out_file)
branch  0 taken 1% (fallthrough)
branch  1 taken 99%
     3989:  392:    printf("%s%c", filename, sep);
call    0 returned 100%
   318724:  393:  if (out_line)
branch  0 taken 1% (fallthrough)
branch  1 taken 99%
        -:  394:    {
     2615:  395:      nlscan(beg);
call    0 returned 100%
     2615:  396:      printf("%d%c", ++totalnl, sep);
call    0 returned 100%
     2615:  397:      lastnl = lim;
        -:  398:    }
   318724:  399:  if (out_byte)
branch  0 taken 1% (fallthrough)
branch  1 taken 99%
     2615:  400:    printf("%lu%c", totalcc + (beg - bufbeg), sep);
call    0 returned 100%
   318724:  401:  fwrite(beg, 1, lim - beg, stdout);
call    0 returned 100%
   318724:  402:  if (ferror(stdout))
call    0 returned 100%
branch  1 taken 0% (fallthrough)
branch  2 taken 100%
    #####:  403:    error("writing output", errno);
call    0 never executed
call    1 never executed
   318724:  404:  lastout = lim;
   318724:  405:}
        -:  406:
        -:  407:/* Print pending lines of trailing context prior to LIM. */
        -:  408:static void
function prpending called 5230 returned 100% blocks executed 80%
     5230:  409:prpending(lim)
        -:  410:     char *lim;
        -:  411:{
        -:  412:  char *nl;
        -:  413:
     5230:  414:  if (!lastout)
branch  0 taken 0% (fallthrough)
branch  1 taken 100%
    #####:  415:    lastout = bufbeg;
    12361:  416:  while (pending > 0 && lastout < lim)
branch  0 taken 83% (fallthrough)
branch  1 taken 17%
branch  2 taken 32%
branch  3 taken 68% (fallthrough)
        -:  417:    {
     1901:  418:      --pending;
     1901:  419:      if ((nl = memchr(lastout, '\n', lim - lastout)) != 0)
branch  0 taken 100% (fallthrough)
branch  1 taken 0%
     1901:  420:	++nl;
        -:  421:      else
    #####:  422:	nl = lim;
     1901:  423:      prline(lastout, nl, '-');
call    0 returned 100%
        -:  424:    }
     5230:  425:}
        -:  426:
        -:  427:/* Print the lines between BEG and LIM.  Deal with context crap.
        -:  428:   If NLINESP is non-null, store a count of lines between BEG and LIM. */
        -:  429:static void
function prtext called 313734 returned 100% blocks executed 97%
   313734:  430:prtext(beg, lim, nlinesp)
        -:  431:     char *beg;
        -:  432:     char *lim;
        -:  433:     int *nlinesp;
        -:  434:{
        -:  435:  static int used;		/* avoid printing "--" before any output */
        -:  436:  char *bp, *p, *nl;
        -:  437:  int i, n;
        -:  438:
   313734:  439:  if (!out_quiet && pending > 0)
branch  0 taken 97% (fallthrough)
branch  1 taken 3%
branch  2 taken 2% (fallthrough)
branch  3 taken 98%
     5178:  440:    prpending(beg);
call    0 returned 100%
        -:  441:
   313734:  442:  p = beg;
        -:  443:
   313734:  444:  if (!out_quiet)
branch  0 taken 97% (fallthrough)
branch  1 taken 3%
        -:  445:    {
        -:  446:      /* Deal with leading context crap. */
        -:  447:
   303274:  448:      bp = lastout ? lastout : bufbeg;
branch  0 taken 99% (fallthrough)
branch  1 taken 1%
   311119:  449:      for (i = 0; i < out_before; ++i)
branch  0 taken 3%
branch  1 taken 97% (fallthrough)
     7845:  450:	if (p > bp)
branch  0 taken 15% (fallthrough)
branch  1 taken 85%
        -:  451:	  do
    41669:  452:	    --p;
    41669:  453:	  while (p > bp && p[-1] != '\n');
branch  0 taken 99% (fallthrough)
branch  1 taken 1%
branch  2 taken 98%
branch  3 taken 2% (fallthrough)
        -:  454:
        -:  455:      /* We only print the "--" separator if our output is
        -:  456:	 discontiguous from the last output in the file. */
   303274:  457:      if ((out_before || out_after) && used && p != lastout)
branch  0 taken 98% (fallthrough)
branch  1 taken 2%
branch  2 taken 0% (fallthrough)
branch  3 taken 100%
branch  4 taken 99% (fallthrough)
branch  5 taken 1%
branch  6 taken 11% (fallthrough)
branch  7 taken 89%
      589:  458:	puts("--");
call    0 returned 100%
        -:  459:
   607746:  460:      while (p < beg)
branch  0 taken 1%
branch  1 taken 99% (fallthrough)
        -:  461:	{
     1198:  462:	  nl = memchr(p, '\n', beg - p);
     1198:  463:	  prline(p, nl + 1, '-');
call    0 returned 100%
     1198:  464:	  p = nl + 1;
        -:  465:	}
        -:  466:    }
        -:  467:
   313734:  468:  if (nlinesp)
branch  0 taken 1% (fallthrough)
branch  1 taken 99%
        -:  469:    {
        -:  470:      /* Caller wants a line count. */
    13779:  471:      for (n = 0; p < lim; ++n)
branch  0 taken 95%
branch  1 taken 5% (fallthrough)
        -:  472:	{
    13065:  473:	  if ((nl = memchr(p, '\n', lim - p)) != 0)
branch  0 taken 100% (fallthrough)
branch  1 taken 0%
    13065:  474:	    ++nl;
        -:  475:	  else
    #####:  476:	    nl = lim;
    13065:  477:	  if (!out_quiet)
branch  0 taken 100% (fallthrough)
branch  1 taken 0%
    13065:  478:	    prline(p, nl, ':');
call    0 returned 100%
    13065:  479:	  p = nl;
        -:  480:	}
      714:  481:      *nlinesp = n;
        -:  482:    }
        -:  483:  else
   313020:  484:    if (!out_quiet)
branch  0 taken 97% (fallthrough)
branch  1 taken 3%
   302560:  485:      prline(beg, lim, ':');
call    0 returned 100%
        -:  486:
   313734:  487:  pending = out_after;
   313734:  488:  used = 1;
   313734:  489:}
        -:  490:
        -:  491:/* Scan the specified portion of the buffer, matching lines (or
        -:  492:   between matching lines if OUT_INVERT is true).  Return a count of
        -:  493:   lines printed. */
        -:  494:static int
function grepbuf called 3228 returned 100% blocks executed 95%
     3228:  495:grepbuf(beg, lim)
        -:  496:     char *beg;
        -:  497:     char *lim;
        -:  498:{
        -:  499:  int nlines, n;
        -:  500:  register char *p, *b;
        -:  501:  char *endp;
        -:  502:
     3228:  503:  nlines = 0;
     3228:  504:  p = beg;
   322091:  505:  while ((b = (*execute)(p, lim - p, &endp)) != 0)
call    0 returned 100%
branch  1 taken 99%
branch  2 taken 1% (fallthrough)
        -:  506:    {
        -:  507:      /* Avoid matching the empty line at the end of the buffer. */
   315641:  508:      if (b == lim && ((b > beg && b[-1] == '\n') || b == beg))
branch  0 taken 1% (fallthrough)
branch  1 taken 99%
branch  2 taken 100% (fallthrough)
branch  3 taken 0%
branch  4 taken 0% (fallthrough)
branch  5 taken 100%
branch  6 never executed
branch  7 never executed
        -:  509:	break;
   315635:  510:      if (!out_invert)
branch  0 taken 99% (fallthrough)
branch  1 taken 1%
        -:  511:	{
   313020:  512:	  prtext(b, endp, (int *) 0);
call    0 returned 100%
   313020:  513:	  nlines += 1;
        -:  514:	}
     2615:  515:      else if (p < b)
branch  0 taken 26% (fallthrough)
branch  1 taken 74%
        -:  516:	{
      687:  517:	  prtext(p, b, &n);
call    0 returned 100%
      687:  518:	  nlines += n;
        -:  519:	}
   315635:  520:      p = endp;
        -:  521:    }
     3228:  522:  if (out_invert && p < lim)
branch  0 taken 1% (fallthrough)
branch  1 taken 99%
branch  2 taken 84% (fallthrough)
branch  3 taken 16%
        -:  523:    {
       27:  524:      prtext(p, lim, &n);
call    0 returned 100%
       27:  525:      nlines += n;
        -:  526:    }
     3228:  527:  return nlines;
        -:  528:}
        -:  529:
        -:  530:/* Search a given file.  Return a count of lines printed. */
        -:  531:static int
function grep called 12504 returned 100% blocks executed 81%
    12504:  532:grep(fd)
        -:  533:     int fd;
        -:  534:{
        -:  535:  int nlines, i;
        -:  536:  size_t residue, save;
        -:  537:  char *beg, *lim;
        -:  538:
    12504:  539:  reset(fd);
call    0 returned 100%
        -:  540:
    12504:  541:  totalcc = 0;
    12504:  542:  lastout = 0;
    12504:  543:  totalnl = 0;
    12504:  544:  pending = 0;
        -:  545:
    12504:  546:  nlines = 0;
    12504:  547:  residue = 0;
    12504:  548:  save = 0;
        -:  549:
        -:  550:  for (;;)
        -:  551:    {
    15732:  552:      if (fillbuf(save) < 0)
call    0 returned 100%
branch  1 taken 0% (fallthrough)
branch  2 taken 100%
        -:  553:	{
    #####:  554:	  error(filename, errno);
call    0 never executed
call    1 never executed
    #####:  555:	  return nlines;
        -:  556:	}
    15732:  557:      lastnl = bufbeg;
    15732:  558:      if (lastout)
branch  0 taken 4% (fallthrough)
branch  1 taken 96%
      637:  559:	lastout = bufbeg;
    15732:  560:      if (buflim - bufbeg == save)
branch  0 taken 79% (fallthrough)
branch  1 taken 21%
        -:  561:	break;
     3228:  562:      beg = bufbeg + save - residue;
     3228:  563:      for (lim = buflim; lim > beg && lim[-1] != '\n'; --lim)
branch  0 taken 100% (fallthrough)
branch  1 taken 0%
branch  2 taken 0%
branch  3 taken 100% (fallthrough)
        -:  564:	;
     3228:  565:      residue = buflim - lim;
     3228:  566:      if (beg < lim)
branch  0 taken 100% (fallthrough)
branch  1 taken 0%
        -:  567:	{
     3228:  568:	  nlines += grepbuf(beg, lim);
call    0 returned 100%
     3228:  569:	  if (pending)
branch  0 taken 2% (fallthrough)
branch  1 taken 98%
       52:  570:	    prpending(lim);
call    0 returned 100%
        -:  571:	}
     3228:  572:      i = 0;
     3228:  573:      beg = lim;
     6535:  574:      while (i < out_before && beg > bufbeg && beg != lastout)
branch  0 taken 3% (fallthrough)
branch  1 taken 97%
branch  2 taken 100% (fallthrough)
branch  3 taken 0%
branch  4 taken 88%
branch  5 taken 12% (fallthrough)
        -:  575:	{
       79:  576:	  ++i;
        -:  577:	  do
      289:  578:	    --beg;
      289:  579:	  while (beg > bufbeg && beg[-1] != '\n');
branch  0 taken 100% (fallthrough)
branch  1 taken 0%
branch  2 taken 73%
branch  3 taken 27% (fallthrough)
        -:  580:	}
     3228:  581:      if (beg != lastout)
branch  0 taken 80% (fallthrough)
branch  1 taken 20%
     2591:  582:	lastout = 0;
     3228:  583:      save = residue + lim - beg;
     3228:  584:      totalcc += buflim - bufbeg - save;
     3228:  585:      if (out_line)
branch  0 taken 1% (fallthrough)
branch  1 taken 99%
       32:  586:	nlscan(beg);
call    0 returned 100%
     3228:  587:    }
    12504:  588:  if (residue)
branch  0 taken 0%
branch  1 taken 100%
        -:  589:    {
    #####:  590:      nlines += grepbuf(bufbeg + save - residue, buflim);
call    0 never executed
    #####:  591:      if (pending)
branch  0 never executed
branch  1 never executed
    #####:  592:	prpending(buflim);
call    0 never executed
        -:  593:    }
    12504:  594:  return nlines;
        -:  595:}
        -:  596:
        -:  597:static char version[] = "GNU grep version 2.0";
        -:  598:
        -:  599:#define USAGE \
        -:  600:  "usage: %s [-[[AB] ]<num>] [-[CEFGVchilnqsvwx]] [-[ef]] <expr> [<files...>]\n"
        -:  601:
        -:  602:static void
function usage called 26569 returned 0% blocks executed 100%
    26569:  603:usage()
        -:  604:{
    26569:  605:  fprintf(stderr, USAGE, prog);
call    0 returned 100%
    26569:  606:  exit(2);
call    0 returned 0%
        -:  607:}
        -:  608:
        -:  609:/* Go through the matchers vector and look for the specified matcher.
        -:  610:   If we find it, install it in compile and execute, and return 1.  */
        -:  611:int
function setmatcher called 25310 returned 100% blocks executed 100%
    25310:  612:setmatcher(name)
        -:  613:     char *name;
        -:  614:{
        -:  615:  int i;
        -:  616:
   126221:  617:  for (i = 0; matchers[i].name; ++i)
branch  0 taken 90%
branch  1 taken 10% (fallthrough)
   113853:  618:    if (strcmp(name, matchers[i].name) == 0)
branch  0 taken 11% (fallthrough)
branch  1 taken 89%
        -:  619:      {
    12942:  620:	compile = matchers[i].compile;
    12942:  621:	execute = matchers[i].execute;
    12942:  622:	return 1;
        -:  623:      }
    12368:  624:  return 0;
        -:  625:}  
        -:  626:
        -:  627:int
function main called 39787 returned 0% blocks executed 88%
    39787:  628:main(argc, argv)
        -:  629:     int argc;
        -:  630:     char *argv[];
        -:  631:{
        -:  632:  char *keys;
        -:  633:  size_t keycc, oldcc, keyalloc;
        -:  634:  int keyfound, count_matches, no_filenames, list_files, suppress_errors;
        -:  635:  int opt, cc, desc, count, status;
        -:  636:  FILE *fp;
        -:  637:  extern char *optarg;
        -:  638:  extern int optind;
        -:  639:  /* add this line for diff between *.c and *.int.c */
    39787:  640:  argv[0] = "target";
        -:  641:
    39787:  642:  prog = argv[0];
    39787:  643:  if (prog && strrchr(prog, '/'))
branch  0 taken 100% (fallthrough)
branch  1 taken 0%
branch  2 taken 0% (fallthrough)
branch  3 taken 100%
    #####:  644:    prog = strrchr(prog, '/') + 1;
        -:  645:
    39787:  646:  keys = NULL;
    39787:  647:  keycc = 0;
    39787:  648:  keyfound = 0;
    39787:  649:  count_matches = 0;
    39787:  650:  no_filenames = 0;
    39787:  651:  list_files = 0;
    39787:  652:  suppress_errors = 0;
    39787:  653:  matcher = NULL;
        -:  654:
    89132:  655:  while ((opt = getopt(argc, argv, "0123456789A:B:CEFGVX:bce:f:hiLlnqsvwxy"))
call    0 returned 100%
branch  1 taken 26%
branch  2 taken 74% (fallthrough)
        -:  656:	 != EOF)
    12739:  657:    switch (opt)
branch  0 taken 4%
branch  1 taken 1%
branch  2 taken 1%
branch  3 taken 4%
branch  4 taken 4%
branch  5 taken 4%
branch  6 taken 4%
branch  7 taken 4%
branch  8 taken 1%
branch  9 taken 4%
branch 10 taken 4%
branch 11 taken 2%
branch 12 taken 2%
branch 13 taken 4%
branch 14 taken 4%
branch 15 taken 4%
branch 16 taken 4%
branch 17 taken 4%
branch 18 taken 4%
branch 19 taken 4%
branch 20 taken 4%
branch 21 taken 4%
branch 22 taken 4%
branch 23 taken 23%
        -:  658:      {
        -:  659:      case '0':
        -:  660:      case '1':
        -:  661:      case '2':
        -:  662:      case '3':
        -:  663:      case '4':
        -:  664:      case '5':
        -:  665:      case '6':
        -:  666:      case '7':
        -:  667:      case '8':
        -:  668:      case '9':
      515:  669:	out_before = 10 * out_before + opt - '0';
      515:  670:	out_after = 10 * out_after + opt - '0';
      515:  671:	break;
        -:  672:      case 'A':
      162:  673:	out_after = atoi(optarg);
call    0 returned 100%
      162:  674:	if (out_after < 0)
branch  0 taken 0% (fallthrough)
branch  1 taken 100%
    #####:  675:	  usage();
call    0 never executed
      162:  676:	break;
        -:  677:      case 'B':
      170:  678:	out_before = atoi(optarg);
call    0 returned 100%
      170:  679:	if (out_before < 0)
branch  0 taken 0% (fallthrough)
branch  1 taken 100%
    #####:  680:	  usage();
call    0 never executed
      170:  681:	break;
        -:  682:      case 'C':
      472:  683:	out_before = out_after = 2;
      472:  684:	break;
        -:  685:      case 'E':
      529:  686:	if (matcher && strcmp(matcher, "egrep") != 0)
branch  0 taken 2% (fallthrough)
branch  1 taken 98%
branch  2 taken 100% (fallthrough)
branch  3 taken 0%
       12:  687:	  fatal("you may specify only one of -E, -F, or -G", 0);
call    0 returned 0%
      517:  688:	matcher = "posix-egrep";
      517:  689:	break;
        -:  690:      case 'F':
      472:  691:	if (matcher && strcmp(matcher, "fgrep") != 0)
branch  0 taken 3% (fallthrough)
branch  1 taken 97%
branch  2 taken 67% (fallthrough)
branch  3 taken 33%
        8:  692:	  fatal("you may specify only one of -E, -F, or -G", 0);;
call    0 returned 0%
      464:  693:	matcher = "fgrep";
      464:  694:	break;
        -:  695:      case 'G':
      549:  696:	if (matcher && strcmp(matcher, "grep") != 0)
branch  0 taken 2% (fallthrough)
branch  1 taken 98%
branch  2 taken 67% (fallthrough)
branch  3 taken 33%
        8:  697:	  fatal("you may specify only one of -E, -F, or -G", 0);
call    0 returned 0%
      541:  698:	matcher = "grep";
      541:  699:	break;
        -:  700:      case 'V':
      480:  701:	fprintf(stderr, "%s\n", version);
call    0 returned 100%
      480:  702:	break;
        -:  703:      case 'X':
      181:  704:	if (matcher)
branch  0 taken 2% (fallthrough)
branch  1 taken 98%
        3:  705:	  fatal("matcher already specified", 0);
call    0 returned 0%
      178:  706:	matcher = optarg;
      178:  707:	break;
        -:  708:      case 'b':
      480:  709:	out_byte = 1;
      480:  710:	break;
        -:  711:      case 'c':
      481:  712:	out_quiet = 1;
      481:  713:	count_matches = 1;
      481:  714:	break;
        -:  715:      case 'e':
      201:  716:	cc = strlen(optarg);
      201:  717:	keys = xrealloc(keys, keycc + cc + 1);
call    0 returned 100%
      201:  718:	if (keyfound)
branch  0 taken 0% (fallthrough)
branch  1 taken 100%
    #####:  719:	  keys[keycc++] = '\n';
      201:  720:	strcpy(&keys[keycc], optarg);
      201:  721:	keycc += cc;
      201:  722:	keyfound = 1;
      201:  723:	break;
        -:  724:      case 'f':
      246:  725:	fp = strcmp(optarg, "-") != 0 ? fopen(optarg, "r") : stdin;
branch  0 taken 99% (fallthrough)
branch  1 taken 1%
call    2 returned 100%
      246:  726:	if (!fp)
branch  0 taken 99% (fallthrough)
branch  1 taken 1%
      245:  727:	  fatal(optarg, errno);
call    0 returned 100%
call    1 returned 0%
        1:  728:	for (keyalloc = 1; keyalloc <= keycc; keyalloc *= 2)
branch  0 taken 0%
branch  1 taken 100% (fallthrough)
        -:  729:	  ;
        1:  730:	keys = xrealloc(keys, keyalloc);
call    0 returned 100%
        1:  731:	oldcc = keycc;
        1:  732:	if (keyfound)
branch  0 taken 0% (fallthrough)
branch  1 taken 100%
    #####:  733:	  keys[keycc++] = '\n';
        3:  734:	while (!feof(fp)
call    0 returned 100%
branch  1 taken 100% (fallthrough)
branch  2 taken 0%
branch  3 taken 0%
branch  4 taken 100% (fallthrough)
        1:  735:	       && (cc = fread(keys + keycc, 1, keyalloc - keycc, fp)) > 0)
call    0 returned 100%
        -:  736:	  {
    #####:  737:	    keycc += cc;
    #####:  738:	    if (keycc == keyalloc)
branch  0 never executed
branch  1 never executed
    #####:  739:	      keys = xrealloc(keys, keyalloc *= 2);
call    0 never executed
        -:  740:	  }
        1:  741:	if (fp != stdin)
branch  0 taken 0% (fallthrough)
branch  1 taken 100%
    #####:  742:	  fclose(fp);
call    0 never executed
        -:  743:	/* Nuke the final newline to avoid matching a null string. */
        1:  744:	if (keycc - oldcc > 0 && keys[keycc - 1] == '\n')
branch  0 taken 0% (fallthrough)
branch  1 taken 100%
branch  2 never executed
branch  3 never executed
    #####:  745:	  --keycc;
        1:  746:	keyfound = 1;
        1:  747:	break;
        -:  748:      case 'h':
      483:  749:	no_filenames = 1;
      483:  750:	break;
        -:  751:      case 'i':
        -:  752:      case 'y':			/* For old-timers . . . */
      520:  753:	match_icase = 1;
      520:  754:	break;
        -:  755:      case 'L':
        -:  756:	/* Like -l, except list files that don't contain matches.
        -:  757:	   Inspired by the same option in Hume's gre. */
      486:  758:	out_quiet = 1;
      486:  759:	list_files = -1;
      486:  760:	break;
        -:  761:      case 'l':
      484:  762:	out_quiet = 1;
      484:  763:	list_files = 1;
      484:  764:	break;
        -:  765:      case 'n':
      490:  766:	out_line = 1;
      490:  767:	break;
        -:  768:      case 'q':
      497:  769:	out_quiet = 1;
      497:  770:	break;
        -:  771:      case 's':
      496:  772:	suppress_errors = 1;
      496:  773:	break;
        -:  774:      case 'v':
      501:  775:	out_invert = 1;
      501:  776:	break;
        -:  777:      case 'w':
      466:  778:	match_words = 1;
      466:  779:	break;
        -:  780:      case 'x':
      473:  781:	match_lines = 1;
      473:  782:	break;
        -:  783:      default:
     2905:  784:	usage();
call    0 returned 0%
        -:  785:	break;
        -:  786:      }
        -:  787:
    36606:  788:  if (!keyfound)
branch  0 taken 99% (fallthrough)
branch  1 taken 1%
    36404:  789:    if (optind < argc)
branch  0 taken 35% (fallthrough)
branch  1 taken 65%
        -:  790:      {
    12740:  791:	keys = argv[optind++];
    12740:  792:	keycc = strlen(keys);
        -:  793:      }
        -:  794:    else
    23664:  795:      usage();
call    0 returned 0%
        -:  796:
    12942:  797:  if (!matcher)
branch  0 taken 95% (fallthrough)
branch  1 taken 5%
    12357:  798:    matcher = prog;
        -:  799:
    12942:  800:  if (!setmatcher(matcher) && !setmatcher("default"))
call    0 returned 100%
branch  1 taken 96% (fallthrough)
branch  2 taken 4%
call    3 returned 100%
branch  4 taken 0% (fallthrough)
branch  5 taken 100%
    #####:  801:    abort();
call    0 never executed
        -:  802:
    12942:  803:  (*compile)(keys, keycc);
call    0 returned 98%
        -:  804:
    12677:  805:  if (argc - optind > 1 && !no_filenames)
branch  0 taken 1% (fallthrough)
branch  1 taken 99%
branch  2 taken 100% (fallthrough)
branch  3 taken 0%
       35:  806:    out_file = 1;
        -:  807:
    12677:  808:  status = 1;
        -:  809:
    12677:  810:  if (optind < argc)
branch  0 taken 65% (fallthrough)
branch  1 taken 35%
    24933:  811:    while (optind < argc)
branch  0 taken 50%
branch  1 taken 50%
        -:  812:      {
     8335:  813:	desc = strcmp(argv[optind], "-") ? open(argv[optind], O_RDONLY) : 0;
branch  0 taken 41% (fallthrough)
branch  1 taken 59%
call    2 returned 100%
     8335:  814:	if (desc < 0)
branch  0 taken 3% (fallthrough)
branch  1 taken 97%
        -:  815:	  {
      209:  816:	    if (!suppress_errors)
branch  0 taken 98% (fallthrough)
branch  1 taken 2%
      205:  817:	      error(argv[optind], errno);
call    0 returned 100%
call    1 returned 100%
        -:  818:	  }
        -:  819:	else
        -:  820:	  {
     8126:  821:	    filename = desc == 0 ? "(standard input)" : argv[optind];
branch  0 taken 40% (fallthrough)
branch  1 taken 60%
     8126:  822:	    count = grep(desc);
call    0 returned 100%
     8126:  823:	    if (count_matches)
branch  0 taken 1% (fallthrough)
branch  1 taken 99%
        -:  824:	      {
       64:  825:		if (out_file)
branch  0 taken 0% (fallthrough)
branch  1 taken 100%
    #####:  826:		  printf("%s:", filename);
call    0 never executed
       64:  827:		printf("%d\n", count);
call    0 returned 100%
        -:  828:	      }
     8126:  829:	    if (count)
branch  0 taken 14% (fallthrough)
branch  1 taken 86%
        -:  830:	      {
     1148:  831:		status = 0;
     1148:  832:		if (list_files == 1)
branch  0 taken 2% (fallthrough)
branch  1 taken 98%
       26:  833:		  printf("%s\n", filename);
call    0 returned 100%
        -:  834:	      }
     6978:  835:	    else if (list_files == -1)
branch  0 taken 1% (fallthrough)
branch  1 taken 99%
       38:  836:	      printf("%s\n", filename);
call    0 returned 100%
        -:  837:	  }
     8335:  838:	if (desc != 0)
branch  0 taken 41% (fallthrough)
branch  1 taken 59%
     3437:  839:	  close(desc);
call    0 returned 100%
     8335:  840:	++optind;
        -:  841:      }
        -:  842:  else
        -:  843:    {
     4378:  844:      filename = "(standard input)";
     4378:  845:      count = grep(0);
call    0 returned 100%
     4378:  846:      if (count_matches)
branch  0 taken 3% (fallthrough)
branch  1 taken 97%
      113:  847:	printf("%d\n", count);
call    0 returned 100%
     4378:  848:      if (count)
branch  0 taken 0% (fallthrough)
branch  1 taken 100%
        -:  849:	{
    #####:  850:	  status = 0;
    #####:  851:	  if (list_files == 1)
branch  0 never executed
branch  1 never executed
    #####:  852:	    printf("(standard input)\n");
call    0 never executed
        -:  853:	}
     4378:  854:      else if (list_files == -1)
branch  0 taken 3% (fallthrough)
branch  1 taken 97%
      113:  855:	printf("(standard input)\n");
call    0 returned 100%
        -:  856:    }
        -:  857:
    12677:  858:  exit(errseen ? 2 : status);
branch  0 taken 98% (fallthrough)
branch  1 taken 2%
call    2 returned 0%
        -:  859:}
        -:  860:/* Getopt for GNU.
        -:  861:   NOTE: getopt is now part of the C library, so if you don't know what
        -:  862:   "Keep this file name-space clean" means, talk to roland@gnu.ai.mit.edu
        -:  863:   before changing it!
        -:  864:
        -:  865:   Copyright (C) 1987, 88, 89, 90, 91, 92, 1993
        -:  866:   	Free Software Foundation, Inc.
        -:  867:
        -:  868:   This program is free software; you can redistribute it and/or modify it
        -:  869:   under the terms of the GNU General Public License as published by the
        -:  870:   Free Software Foundation; either version 2, or (at your option) any
        -:  871:   later version.
        -:  872:
        -:  873:   This program is distributed in the hope that it will be useful,
        -:  874:   but WITHOUT ANY WARRANTY; without even the implied warranty of
        -:  875:   MERCHANTABILITY or FITNESS FOR A PARTICULAR PURPOSE.  See the
        -:  876:   GNU General Public License for more details.
        -:  877:
        -:  878:   You should have received a copy of the GNU General Public License
        -:  879:   along with this program; if not, write to the Free Software
        -:  880:   Foundation, 675 Mass Ave, Cambridge, MA 02139, USA.  */
        -:  881:
        -:  882:/* NOTE!!!  AIX requires this to be the first thing in the file.
        -:  883:   Do not put ANYTHING before it!  */
        -:  884:#if !defined (__GNUC__) && defined (_AIX)
        -:  885: #pragma alloca
        -:  886:#endif
        -:  887:
        -:  888:#ifdef HAVE_CONFIG_H
        -:  889:#include "config.h"
        -:  890:#define flag_config 1
        -:  891:#endif
        -:  892:
        -:  893:#if (defined( __GNUC__) && (!defined(LINUX)))
        -:  894:#define alloca __builtin_alloca
        -:  895:#else /* not __GNUC__ */
        -:  896:#if defined (HAVE_ALLOCA_H) || (defined(sparc) && (defined(sun) || (!defined(USG) && !defined(SVR4) && !defined(__svr4__))))
        -:  897:#include <alloca.h>
        -:  898:#define flag_alloca 1
        -:  899:#else
        -:  900:#ifndef _AIX
        -:  901:char *alloca ();
        -:  902:#endif
        -:  903:#endif /* alloca.h */
        -:  904:#endif /* not __GNUC__ */
        -:  905:
        -:  906:#if !__STDC__ && !defined(const) && IN_GCC
        -:  907:#define const
        -:  908:#endif
        -:  909:
        -:  910:/* This tells Alpha OSF/1 not to define a getopt prototype in <stdio.h>.  */
        -:  911:#ifndef _NO_PROTO
        -:  912:#define _NO_PROTO
        -:  913:#endif
        -:  914:
        -:  915:/*#include <stdio.h> */
        -:  916:
        -:  917:/* Comment out all this code if we are using the GNU C Library, and are not
        -:  918:   actually compiling the library itself.  This code is part of the GNU C
        -:  919:   Library, but also included in many other GNU distributions.  Compiling
        -:  920:   and linking in this code is a waste when using the GNU C library
        -:  921:   (especially if it is a shared library).  Rather than having every GNU
        -:  922:   program understand `configure --with-gnu-libc' and omit the object files,
        -:  923:   it is simpler to just do this in the source for each such file.  */
        -:  924:
        -:  925:#if defined (_LIBC) || !defined (__GNU_LIBRARY__)
        -:  926:
        -:  927:
        -:  928:/* This needs to come after some library #include
        -:  929:   to get __GNU_LIBRARY__ defined.  */
        -:  930:#ifdef	__GNU_LIBRARY__
        -:  931:#undef	alloca
        -:  932:/* Don't include stdlib.h for non-GNU C libraries because some of them
        -:  933:   contain conflicting prototypes for getopt.  */
        -:  934:#if flag_stdlib==0   
        -:  935:#include <stdlib.h>
        -:  936:#define flag_stdlib 1
        -:  937:#endif
        -:  938:#else	/* Not GNU C library.  */
        -:  939:#define	__alloca	alloca
        -:  940:#endif	/* GNU C library.  */
        -:  941:
        -:  942:/* If GETOPT_COMPAT is defined, `+' as well as `--' can introduce a
        -:  943:   long-named option.  Because this is not POSIX.2 compliant, it is
        -:  944:   being phased out.  */
        -:  945:/* #define GETOPT_COMPAT */
        -:  946:
        -:  947:/* This version of `getopt' appears to the caller like standard Unix `getopt'
        -:  948:   but it behaves differently for the user, since it allows the user
        -:  949:   to intersperse the options with the other arguments.
        -:  950:
        -:  951:   As `getopt' works, it permutes the elements of ARGV so that,
        -:  952:   when it is done, all the options precede everything else.  Thus
        -:  953:   all application programs are extended to handle flexible argument order.
        -:  954:
        -:  955:   Setting the environment variable POSIXLY_CORRECT disables permutation.
        -:  956:   Then the behavior is completely standard.
        -:  957:
        -:  958:   GNU application programs can use a third alternative mode in which
        -:  959:   they can distinguish the relative order of options and other arguments.  */
        -:  960:
        -:  961:#include "getopt.h"
        -:  962:
        -:  963:/* For communication from `getopt' to the caller.
        -:  964:   When `getopt' finds an option that takes an argument,
        -:  965:   the argument value is returned here.
        -:  966:   Also, when `ordering' is RETURN_IN_ORDER,
        -:  967:   each non-option ARGV-element is returned here.  */
        -:  968:
        -:  969:char *optarg = 0;
        -:  970:
        -:  971:/* Index in ARGV of the next element to be scanned.
        -:  972:   This is used for communication to and from the caller
        -:  973:   and for communication between successive calls to `getopt'.
        -:  974:
        -:  975:   On entry to `getopt', zero means this is the first call; initialize.
        -:  976:
        -:  977:   When `getopt' returns EOF, this is the index of the first of the
        -:  978:   non-option elements that the caller should itself scan.
        -:  979:
        -:  980:   Otherwise, `optind' communicates from one call to the next
        -:  981:   how much of ARGV has been scanned so far.  */
        -:  982:
        -:  983:/* XXX 1003.2 says this must be 1 before any call.  */
        -:  984:int optind = 0;
        -:  985:
        -:  986:/* The next char to be scanned in the option-element
        -:  987:   in which the last option character we returned was found.
        -:  988:   This allows us to pick up the scan where we left off.
        -:  989:
        -:  990:   If this is zero, or a null string, it means resume the scan
        -:  991:   by advancing to the next ARGV-element.  */
        -:  992:
        -:  993:static char *nextchar;
        -:  994:
        -:  995:/* Callers store zero here to inhibit the error message
        -:  996:   for unrecognized options.  */
        -:  997:
        -:  998:int opterr = 1;
        -:  999:
        -: 1000:/* Set to an option character which was unrecognized.
        -: 1001:   This must be initialized on some systems to avoid linking in the
        -: 1002:   system's own getopt implementation.  */
        -: 1003:
        -: 1004:int optopt = '?';
        -: 1005:
        -: 1006:/* Describe how to deal with options that follow non-option ARGV-elements.
        -: 1007:
        -: 1008:   If the caller did not specify anything,
        -: 1009:   the default is REQUIRE_ORDER if the environment variable
        -: 1010:   POSIXLY_CORRECT is defined, PERMUTE otherwise.
        -: 1011:
        -: 1012:   REQUIRE_ORDER means don't recognize them as options;
        -: 1013:   stop option processing when the first non-option is seen.
        -: 1014:   This is what Unix does.
        -: 1015:   This mode of operation is selected by either setting the environment
        -: 1016:   variable POSIXLY_CORRECT, or using `+' as the first character
        -: 1017:   of the list of option characters.
        -: 1018:
        -: 1019:   PERMUTE is the default.  We permute the contents of ARGV as we scan,
        -: 1020:   so that eventually all the non-options are at the end.  This allows options
        -: 1021:   to be given in any order, even with programs that were not written to
        -: 1022:   expect this.
        -: 1023:
        -: 1024:   RETURN_IN_ORDER is an option available to programs that were written
        -: 1025:   to expect options and other ARGV-elements in any order and that care about
        -: 1026:   the ordering of the two.  We describe each non-option ARGV-element
        -: 1027:   as if it were the argument of an option with character code 1.
        -: 1028:   Using `-' as the first character of the list of option characters
        -: 1029:   selects this mode of operation.
        -: 1030:
        -: 1031:   The special argument `--' forces an end of option-scanning regardless
        -: 1032:   of the value of `ordering'.  In the case of RETURN_IN_ORDER, only
        -: 1033:   `--' can cause `getopt' to return EOF with `optind' != ARGC.  */
        -: 1034:
        -: 1035:static enum
        -: 1036:{
        -: 1037:  REQUIRE_ORDER, PERMUTE, RETURN_IN_ORDER
        -: 1038:} ordering;
        -: 1039:
        -: 1040:#ifdef	__GNU_LIBRARY__
        -: 1041:/* We want to avoid inclusion of string.h with non-GNU libraries
        -: 1042:   because there are many ways it can cause trouble.
        -: 1043:   On some systems, it contains special magic macros that don't work
        -: 1044:   in GCC.  */
        -: 1045:#if flag_string==0   
        -: 1046:#include <string.h>
        -: 1047:#define flag_string 1
        -: 1048:#endif
        -: 1049:#define	my_index	strchr
        -: 1050:#define	my_bcopy(src, dst, n)	memcpy ((dst), (src), (n))
        -: 1051:#else
        -: 1052:
        -: 1053:/* Avoid depending on library functions or files
        -: 1054:   whose names are inconsistent.  */
        -: 1055:
        -: 1056:char *getenv ();
        -: 1057:
        -: 1058:static char *
        -: 1059:my_index (str, chr)
        -: 1060:     const char *str;
        -: 1061:     int chr;
        -: 1062:{
        -: 1063:  while (*str)
        -: 1064:    {
        -: 1065:      if (*str == chr)
        -: 1066:	return (char *) str;
        -: 1067:      str++;
        -: 1068:    }
        -: 1069:  return 0;
        -: 1070:}
        -: 1071:
        -: 1072:static void
        -: 1073:my_bcopy (from, to, size)
        -: 1074:     const char *from;
        -: 1075:     char *to;
        -: 1076:     int size;
        -: 1077:{
        -: 1078:  int i;
        -: 1079:  for (i = 0; i < size; i++)
        -: 1080:    to[i] = from[i];
        -: 1081:}
        -: 1082:#endif				/* GNU C library.  */
        -: 1083:
        -: 1084:/* Handle permutation of arguments.  */
        -: 1085:
        -: 1086:/* Describe the part of ARGV that contains non-options that have
        -: 1087:   been skipped.  `first_nonopt' is the index in ARGV of the first of them;
        -: 1088:   `last_nonopt' is the index after the last of them.  */
        -: 1089:
        -: 1090:static int first_nonopt;
        -: 1091:static int last_nonopt;
        -: 1092:
        -: 1093:/* Exchange two adjacent subsequences of ARGV.
        -: 1094:   One subsequence is elements [first_nonopt,last_nonopt)
        -: 1095:   which contains all the non-options that have been skipped so far.
        -: 1096:   The other is elements [last_nonopt,optind), which contains all
        -: 1097:   the options processed since those non-options were skipped.
        -: 1098:
        -: 1099:   `first_nonopt' and `last_nonopt' are relocated so that they describe
        -: 1100:   the new indices of the non-options in ARGV after they are moved.  */
        -: 1101:
        -: 1102:static void
        -: 1103:exchange (argv)
        -: 1104:     char **argv;
        -: 1105:{
        -: 1106:  int nonopts_size = (last_nonopt - first_nonopt) * sizeof (char *);
        -: 1107:  char **temp = (char **) __alloca (nonopts_size);
        -: 1108:
        -: 1109:  /* Interchange the two blocks of data in ARGV.  */
        -: 1110:
        -: 1111:  my_bcopy ((char *) &argv[first_nonopt], (char *) temp, nonopts_size);
        -: 1112:  my_bcopy ((char *) &argv[last_nonopt], (char *) &argv[first_nonopt],
        -: 1113:	    (optind - last_nonopt) * sizeof (char *));
        -: 1114:  my_bcopy ((char *) temp,
        -: 1115:	    (char *) &argv[first_nonopt + optind - last_nonopt],
        -: 1116:	    nonopts_size);
        -: 1117:
        -: 1118:  /* Update records for the slots the non-options now occupy.  */
        -: 1119:
        -: 1120:  first_nonopt += (optind - last_nonopt);
        -: 1121:  last_nonopt = optind;
        -: 1122:}
        -: 1123:
        -: 1124:/* Scan elements of ARGV (whose length is ARGC) for option characters
        -: 1125:   given in OPTSTRING.
        -: 1126:
        -: 1127:   If an element of ARGV starts with '-', and is not exactly "-" or "--",
        -: 1128:   then it is an option element.  The characters of this element
        -: 1129:   (aside from the initial '-') are option characters.  If `getopt'
        -: 1130:   is called repeatedly, it returns successively each of the option characters
        -: 1131:   from each of the option elements.
        -: 1132:
        -: 1133:   If `getopt' finds another option character, it returns that character,
        -: 1134:   updating `optind' and `nextchar' so that the next call to `getopt' can
        -: 1135:   resume the scan with the following option character or ARGV-element.
        -: 1136:
        -: 1137:   If there are no more option characters, `getopt' returns `EOF'.
        -: 1138:   Then `optind' is the index in ARGV of the first ARGV-element
        -: 1139:   that is not an option.  (The ARGV-elements have been permuted
        -: 1140:   so that those that are not options now come last.)
        -: 1141:
        -: 1142:   OPTSTRING is a string containing the legitimate option characters.
        -: 1143:   If an option character is seen that is not listed in OPTSTRING,
        -: 1144:   return '?' after printing an error message.  If you set `opterr' to
        -: 1145:   zero, the error message is suppressed but we still return '?'.
        -: 1146:
        -: 1147:   If a char in OPTSTRING is followed by a colon, that means it wants an arg,
        -: 1148:   so the following text in the same ARGV-element, or the text of the following
        -: 1149:   ARGV-element, is returned in `optarg'.  Two colons mean an option that
        -: 1150:   wants an optional arg; if there is text in the current ARGV-element,
        -: 1151:   it is returned in `optarg', otherwise `optarg' is set to zero.
        -: 1152:
        -: 1153:   If OPTSTRING starts with `-' or `+', it requests different methods of
        -: 1154:   handling the non-option ARGV-elements.
        -: 1155:   See the comments about RETURN_IN_ORDER and REQUIRE_ORDER, above.
        -: 1156:
        -: 1157:   Long-named options begin with `--' instead of `-'.
        -: 1158:   Their names may be abbreviated as long as the abbreviation is unique
        -: 1159:   or is an exact match for some defined option.  If they have an
        -: 1160:   argument, it follows the option name in the same ARGV-element, separated
        -: 1161:   from the option name by a `=', or else the in next ARGV-element.
        -: 1162:   When `getopt' finds a long-named option, it returns 0 if that option's
        -: 1163:   `flag' field is nonzero, the value of the option's `val' field
        -: 1164:   if the `flag' field is zero.
        -: 1165:
        -: 1166:   The elements of ARGV aren't really const, because we permute them.
        -: 1167:   But we pretend they're const in the prototype to be compatible
        -: 1168:   with other systems.
        -: 1169:
        -: 1170:   LONGOPTS is a vector of `struct option' terminated by an
        -: 1171:   element containing a name which is zero.
        -: 1172:
        -: 1173:   LONGIND returns the index in LONGOPT of the long-named option found.
        -: 1174:   It is only valid when a long-named option has been found by the most
        -: 1175:   recent call.
        -: 1176:
        -: 1177:   If LONG_ONLY is nonzero, '-' as well as '--' can introduce
        -: 1178:   long-named options.  */
        -: 1179:
        -: 1180:int
        -: 1181:_getopt_internal (argc, argv, optstring, longopts, longind, long_only)
        -: 1182:     int argc;
        -: 1183:     char *const *argv;
        -: 1184:     const char *optstring;
        -: 1185:     const struct option *longopts;
        -: 1186:     int *longind;
        -: 1187:     int long_only;
        -: 1188:{
        -: 1189:  int option_index;
        -: 1190:
        -: 1191:  optarg = 0;
        -: 1192:
        -: 1193:  /* Initialize the internal data when the first call is made.
        -: 1194:     Start processing options with ARGV-element 1 (since ARGV-element 0
        -: 1195:     is the program name); the sequence of previously skipped
        -: 1196:     non-option ARGV-elements is empty.  */
        -: 1197:
        -: 1198:  if (optind == 0)
        -: 1199:    {
        -: 1200:      first_nonopt = last_nonopt = optind = 1;
        -: 1201:
        -: 1202:      nextchar = NULL;
        -: 1203:
        -: 1204:      /* Determine how to handle the ordering of options and nonoptions.  */
        -: 1205:
        -: 1206:      if (optstring[0] == '-')
        -: 1207:	{
        -: 1208:	  ordering = RETURN_IN_ORDER;
        -: 1209:	  ++optstring;
        -: 1210:	}
        -: 1211:      else if (optstring[0] == '+')
        -: 1212:	{
        -: 1213:	  ordering = REQUIRE_ORDER;
        -: 1214:	  ++optstring;
        -: 1215:	}
        -: 1216:      else if (getenv ("POSIXLY_CORRECT") != NULL)
        -: 1217:	ordering = REQUIRE_ORDER;
        -: 1218:      else
        -: 1219:	ordering = PERMUTE;
        -: 1220:    }
        -: 1221:
        -: 1222:  if (nextchar == NULL || *nextchar == '\0')
        -: 1223:    {
        -: 1224:      if (ordering == PERMUTE)
        -: 1225:	{
        -: 1226:	  /* If we have just processed some options following some non-options,
        -: 1227:	     exchange them so that the options come first.  */
        -: 1228:
        -: 1229:	  if (first_nonopt != last_nonopt && last_nonopt != optind)
        -: 1230:	    exchange ((char **) argv);
        -: 1231:	  else if (last_nonopt != optind)
        -: 1232:	    first_nonopt = optind;
        -: 1233:
        -: 1234:	  /* Now skip any additional non-options
        -: 1235:	     and extend the range of non-options previously skipped.  */
        -: 1236:
        -: 1237:	  while (optind < argc
        -: 1238:		 && (argv[optind][0] != '-' || argv[optind][1] == '\0')
        -: 1239:#ifdef GETOPT_COMPAT
        -: 1240:		 && (longopts == NULL
        -: 1241:		     || argv[optind][0] != '+' || argv[optind][1] == '\0')
        -: 1242:#endif				/* GETOPT_COMPAT */
        -: 1243:		 )
        -: 1244:	    optind++;
        -: 1245:	  last_nonopt = optind;
        -: 1246:	}
        -: 1247:
        -: 1248:      /* Special ARGV-element `--' means premature end of options.
        -: 1249:	 Skip it like a null option,
        -: 1250:	 then exchange with previous non-options as if it were an option,
        -: 1251:	 then skip everything else like a non-option.  */
        -: 1252:
        -: 1253:      if (optind != argc && !strcmp (argv[optind], "--"))
        -: 1254:	{
        -: 1255:	  optind++;
        -: 1256:
        -: 1257:	  if (first_nonopt != last_nonopt && last_nonopt != optind)
        -: 1258:	    exchange ((char **) argv);
        -: 1259:	  else if (first_nonopt == last_nonopt)
        -: 1260:	    first_nonopt = optind;
        -: 1261:	  last_nonopt = argc;
        -: 1262:
        -: 1263:	  optind = argc;
        -: 1264:	}
        -: 1265:
        -: 1266:      /* If we have done all the ARGV-elements, stop the scan
        -: 1267:	 and back over any non-options that we skipped and permuted.  */
        -: 1268:
        -: 1269:      if (optind == argc)
        -: 1270:	{
        -: 1271:	  /* Set the next-arg-index to point at the non-options
        -: 1272:	     that we previously skipped, so the caller will digest them.  */
        -: 1273:	  if (first_nonopt != last_nonopt)
        -: 1274:	    optind = first_nonopt;
        -: 1275:	  return EOF;
        -: 1276:	}
        -: 1277:
        -: 1278:      /* If we have come to a non-option and did not permute it,
        -: 1279:	 either stop the scan or describe it to the caller and pass it by.  */
        -: 1280:
        -: 1281:      if ((argv[optind][0] != '-' || argv[optind][1] == '\0')
        -: 1282:#ifdef GETOPT_COMPAT
        -: 1283:	  && (longopts == NULL
        -: 1284:	      || argv[optind][0] != '+' || argv[optind][1] == '\0')
        -: 1285:#endif				/* GETOPT_COMPAT */
        -: 1286:	  )
        -: 1287:	{
        -: 1288:	  if (ordering == REQUIRE_ORDER)
        -: 1289:	    return EOF;
        -: 1290:	  optarg = argv[optind++];
        -: 1291:	  return 1;
        -: 1292:	}
        -: 1293:
        -: 1294:      /* We have found another option-ARGV-element.
        -: 1295:	 Start decoding its characters.  */
        -: 1296:
        -: 1297:      nextchar = (argv[optind] + 1
        -: 1298:		  + (longopts != NULL && argv[optind][1] == '-'));
        -: 1299:    }
        -: 1300:
        -: 1301:  if (longopts != NULL
        -: 1302:      && ((argv[optind][0] == '-'
        -: 1303:	   && (argv[optind][1] == '-' || long_only))
        -: 1304:#ifdef GETOPT_COMPAT
        -: 1305:	  || argv[optind][0] == '+'
        -: 1306:#endif				/* GETOPT_COMPAT */
        -: 1307:	  ))
        -: 1308:    {
        -: 1309:      const struct option *p;
        -: 1310:      char *s = nextchar;
        -: 1311:      int exact = 0;
        -: 1312:      int ambig = 0;
        -: 1313:      const struct option *pfound = NULL;
        -: 1314:      int indfound;
        -: 1315:
        -: 1316:      while (*s && *s != '=')
        -: 1317:	s++;
        -: 1318:
        -: 1319:      /* Test all options for either exact match or abbreviated matches.  */
        -: 1320:      for (p = longopts, option_index = 0; p->name;
        -: 1321:	   p++, option_index++)
        -: 1322:	if (!strncmp (p->name, nextchar, s - nextchar))
        -: 1323:	  {
        -: 1324:	    if (s - nextchar == strlen (p->name))
        -: 1325:	      {
        -: 1326:		/* Exact match found.  */
        -: 1327:		pfound = p;
        -: 1328:		indfound = option_index;
        -: 1329:		exact = 1;
        -: 1330:		break;
        -: 1331:	      }
        -: 1332:	    else if (pfound == NULL)
        -: 1333:	      {
        -: 1334:		/* First nonexact match found.  */
        -: 1335:		pfound = p;
        -: 1336:		indfound = option_index;
        -: 1337:	      }
        -: 1338:	    else
        -: 1339:	      /* Second nonexact match found.  */
        -: 1340:	      ambig = 1;
        -: 1341:	  }
        -: 1342:
        -: 1343:      if (ambig && !exact)
        -: 1344:	{
        -: 1345:	  if (opterr)
        -: 1346:	    fprintf (stderr, "%s: option `%s' is ambiguous\n",
        -: 1347:		     argv[0], argv[optind]);
        -: 1348:	  nextchar += strlen (nextchar);
        -: 1349:	  optind++;
        -: 1350:	  return '?';
        -: 1351:	}
        -: 1352:
        -: 1353:      if (pfound != NULL)
        -: 1354:	{
        -: 1355:	  option_index = indfound;
        -: 1356:	  optind++;
        -: 1357:	  if (*s)
        -: 1358:	    {
        -: 1359:	      /* Don't test has_arg with >, because some C compilers don't
        -: 1360:		 allow it to be used on enums.  */
        -: 1361:	      if (pfound->has_arg)
        -: 1362:		optarg = s + 1;
        -: 1363:	      else
        -: 1364:		{
        -: 1365:		  if (opterr)
        -: 1366:		    {
        -: 1367:		      if (argv[optind - 1][1] == '-')
        -: 1368:			/* --option */
        -: 1369:			fprintf (stderr,
        -: 1370:				 "%s: option `--%s' doesn't allow an argument\n",
        -: 1371:				 argv[0], pfound->name);
        -: 1372:		      else
        -: 1373:			/* +option or -option */
        -: 1374:			fprintf (stderr,
        -: 1375:			     "%s: option `%c%s' doesn't allow an argument\n",
        -: 1376:			     argv[0], argv[optind - 1][0], pfound->name);
        -: 1377:		    }
        -: 1378:		  nextchar += strlen (nextchar);
        -: 1379:		  return '?';
        -: 1380:		}
        -: 1381:	    }
        -: 1382:	  else if (pfound->has_arg == 1)
        -: 1383:	    {
        -: 1384:	      if (optind < argc)
        -: 1385:		optarg = argv[optind++];
        -: 1386:	      else
        -: 1387:		{
        -: 1388:		  if (opterr)
        -: 1389:		    fprintf (stderr, "%s: option `%s' requires an argument\n",
        -: 1390:			     argv[0], argv[optind - 1]);
        -: 1391:		  nextchar += strlen (nextchar);
        -: 1392:		  return optstring[0] == ':' ? ':' : '?';
        -: 1393:		}
        -: 1394:	    }
        -: 1395:	  nextchar += strlen (nextchar);
        -: 1396:	  if (longind != NULL)
        -: 1397:	    *longind = option_index;
        -: 1398:	  if (pfound->flag)
        -: 1399:	    {
        -: 1400:	      *(pfound->flag) = pfound->val;
        -: 1401:	      return 0;
        -: 1402:	    }
        -: 1403:	  return pfound->val;
        -: 1404:	}
        -: 1405:      /* Can't find it as a long option.  If this is not getopt_long_only,
        -: 1406:	 or the option starts with '--' or is not a valid short
        -: 1407:	 option, then it's an error.
        -: 1408:	 Otherwise interpret it as a short option.  */
        -: 1409:      if (!long_only || argv[optind][1] == '-'
        -: 1410:#ifdef GETOPT_COMPAT
        -: 1411:	  || argv[optind][0] == '+'
        -: 1412:#endif				/* GETOPT_COMPAT */
        -: 1413:	  || my_index (optstring, *nextchar) == NULL)
        -: 1414:	{
        -: 1415:	  if (opterr)
        -: 1416:	    {
        -: 1417:	      if (argv[optind][1] == '-')
        -: 1418:		/* --option */
        -: 1419:		fprintf (stderr, "%s: unrecognized option `--%s'\n",
        -: 1420:			 argv[0], nextchar);
        -: 1421:	      else
        -: 1422:		/* +option or -option */
        -: 1423:		fprintf (stderr, "%s: unrecognized option `%c%s'\n",
        -: 1424:			 argv[0], argv[optind][0], nextchar);
        -: 1425:	    }
        -: 1426:	  nextchar = (char *) "";
        -: 1427:	  optind++;
        -: 1428:	  return '?';
        -: 1429:	}
        -: 1430:    }
        -: 1431:
        -: 1432:  /* Look at and handle the next option-character.  */
        -: 1433:
        -: 1434:  {
        -: 1435:    char c = *nextchar++;
        -: 1436:    char *temp = my_index (optstring, c);
        -: 1437:
        -: 1438:    /* Increment `optind' when we start to process its last character.  */
        -: 1439:    if (*nextchar == '\0')
        -: 1440:      ++optind;
        -: 1441:
        -: 1442:    if (temp == NULL || c == ':')
        -: 1443:      {
        -: 1444:	if (opterr)
        -: 1445:	  {
        -: 1446:#if 0
        -: 1447:	    if (c < 040 || c >= 0177)
        -: 1448:	      fprintf (stderr, "%s: unrecognized option, character code 0%o\n",
        -: 1449:		       argv[0], c);
        -: 1450:	    else
        -: 1451:	      fprintf (stderr, "%s: unrecognized option `-%c'\n", argv[0], c);
        -: 1452:#else
        -: 1453:	    /* 1003.2 specifies the format of this message.  */
        -: 1454:	    fprintf (stderr, "%s: illegal option -- %c\n", argv[0], c);
        -: 1455:#endif
        -: 1456:	  }
        -: 1457:	optopt = c;
        -: 1458:	return '?';
        -: 1459:      }
        -: 1460:    if (temp[1] == ':')
        -: 1461:      {
        -: 1462:	if (temp[2] == ':')
        -: 1463:	  {
        -: 1464:	    /* This is an option that accepts an argument optionally.  */
        -: 1465:	    if (*nextchar != '\0')
        -: 1466:	      {
        -: 1467:		optarg = nextchar;
        -: 1468:		optind++;
        -: 1469:	      }
        -: 1470:	    else
        -: 1471:	      optarg = 0;
        -: 1472:	    nextchar = NULL;
        -: 1473:	  }
        -: 1474:	else
        -: 1475:	  {
        -: 1476:	    /* This is an option that requires an argument.  */
        -: 1477:	    if (*nextchar != '\0')
        -: 1478:	      {
        -: 1479:		optarg = nextchar;
        -: 1480:		/* If we end this ARGV-element by taking the rest as an arg,
        -: 1481:		   we must advance to the next element now.  */
        -: 1482:		optind++;
        -: 1483:	      }
        -: 1484:	    else if (optind == argc)
        -: 1485:	      {
        -: 1486:		if (opterr)
        -: 1487:		  {
        -: 1488:#if 0
        -: 1489:		    fprintf (stderr, "%s: option `-%c' requires an argument\n",
        -: 1490:			     argv[0], c);
        -: 1491:#else
        -: 1492:		    /* 1003.2 specifies the format of this message.  */
        -: 1493:		    fprintf (stderr, "%s: option requires an argument -- %c\n",
        -: 1494:			     argv[0], c);
        -: 1495:#endif
        -: 1496:		  }
        -: 1497:		optopt = c;
        -: 1498:		if (optstring[0] == ':')
        -: 1499:		  c = ':';
        -: 1500:		else
        -: 1501:		  c = '?';
        -: 1502:	      }
        -: 1503:	    else
        -: 1504:	      /* We already incremented `optind' once;
        -: 1505:		 increment it again when taking next ARGV-elt as argument.  */
        -: 1506:	      optarg = argv[optind++];
        -: 1507:	    nextchar = NULL;
        -: 1508:	  }
        -: 1509:      }
        -: 1510:    return c;
        -: 1511:  }
        -: 1512:}
        -: 1513:
        -: 1514:int
        -: 1515:getopt (argc, argv, optstring)
        -: 1516:     int argc;
        -: 1517:     char *const *argv;
        -: 1518:     const char *optstring;
        -: 1519:{
        -: 1520:  return _getopt_internal (argc, argv, optstring,
        -: 1521:			   (const struct option *) 0,
        -: 1522:			   (int *) 0,
        -: 1523:			   0);
        -: 1524:}
        -: 1525:
        -: 1526:#endif	/* _LIBC or not __GNU_LIBRARY__.  */
        -: 1527:
        -: 1528:#ifdef TEST
        -: 1529:
        -: 1530:/* Compile with -DTEST to make an executable for use in testing
        -: 1531:   the above definition of `getopt'.  */
        -: 1532:
        -: 1533:int
        -: 1534:main (argc, argv)
        -: 1535:     int argc;
        -: 1536:     char **argv;
        -: 1537:{
        -: 1538:  int c;
        -: 1539:  int digit_optind = 0;
        -: 1540:
        -: 1541:  while (1)
        -: 1542:    {
        -: 1543:      int this_option_optind = optind ? optind : 1;
        -: 1544:
        -: 1545:      c = getopt (argc, argv, "abc:d:0123456789");
        -: 1546:      if (c == EOF)
        -: 1547:	break;
        -: 1548:
        -: 1549:      switch (c)
        -: 1550:	{
        -: 1551:	case '0':
        -: 1552:	case '1':
        -: 1553:	case '2':
        -: 1554:	case '3':
        -: 1555:	case '4':
        -: 1556:	case '5':
        -: 1557:	case '6':
        -: 1558:	case '7':
        -: 1559:	case '8':
        -: 1560:	case '9':
        -: 1561:	  if (digit_optind != 0 && digit_optind != this_option_optind)
        -: 1562:	    printf ("digits occur in two different argv-elements.\n");
        -: 1563:	  digit_optind = this_option_optind;
        -: 1564:	  printf ("option %c\n", c);
        -: 1565:	  break;
        -: 1566:
        -: 1567:	case 'a':
        -: 1568:	  printf ("option a\n");
        -: 1569:	  break;
        -: 1570:
        -: 1571:	case 'b':
        -: 1572:	  printf ("option b\n");
        -: 1573:	  break;
        -: 1574:
        -: 1575:	case 'c':
        -: 1576:	  printf ("option c with value `%s'\n", optarg);
        -: 1577:	  break;
        -: 1578:
        -: 1579:	case '?':
        -: 1580:	  break;
        -: 1581:
        -: 1582:	default:
        -: 1583:	  printf ("?? getopt returned character code 0%o ??\n", c);
        -: 1584:	}
        -: 1585:    }
        -: 1586:
        -: 1587:  if (optind < argc)
        -: 1588:    {
        -: 1589:      printf ("non-option ARGV-elements: ");
        -: 1590:      while (optind < argc)
        -: 1591:	printf ("%s ", argv[optind++]);
        -: 1592:      printf ("\n");
        -: 1593:    }
        -: 1594:
        -: 1595:  exit (0);
        -: 1596:}
        -: 1597:
        -: 1598:#endif /* TEST */
        -: 1599:/* Extended regular expression matching and search library,
        -: 1600:   version 0.12.
        -: 1601:   (Implements POSIX draft P10003.2/D11.2, except for
        -: 1602:   internationalization features.)
        -: 1603:
        -: 1604:   Copyright (C) 1993 Free Software Foundation, Inc.
        -: 1605:
        -: 1606:   This program is free software; you can redistribute it and/or modify
        -: 1607:   it under the terms of the GNU General Public License as published by
        -: 1608:   the Free Software Foundation; either version 2, or (at your option)
        -: 1609:   any later version.
        -: 1610:
        -: 1611:   This program is distributed in the hope that it will be useful,
        -: 1612:   but WITHOUT ANY WARRANTY; without even the implied warranty of
        -: 1613:   MERCHANTABILITY or FITNESS FOR A PARTICULAR PURPOSE.  See the
        -: 1614:   GNU General Public License for more details.
        -: 1615:
        -: 1616:   You should have received a copy of the GNU General Public License
        -: 1617:   along with this program; if not, write to the Free Software
        -: 1618:   Foundation, Inc., 675 Mass Ave, Cambridge, MA 02139, USA.  */
        -: 1619:
        -: 1620:/* AIX requires this to be the first thing in the file. */
        -: 1621:#if defined (_AIX) && !defined (REGEX_MALLOC)
        -: 1622:  #pragma alloca
        -: 1623:#endif
        -: 1624:
        -: 1625:#define _GNU_SOURCE
        -: 1626:
        -: 1627:/* We need this for `regex.h', and perhaps for the Emacs include files.  */
        -: 1628:#if flag_systypes==0
        -: 1629:#include <sys/types.h>
        -: 1630:#define flag_systypes 1
        -: 1631:#endif
        -: 1632:
        -: 1633:#ifdef HAVE_CONFIG_H
        -: 1634:#if flag_config==0
        -: 1635:#include "config.h"
        -: 1636:#define flag_config 1
        -: 1637:#endif
        -: 1638:#endif
        -: 1639:
        -: 1640:/* The `emacs' switch turns on certain matching commands
        -: 1641:   that make sense only in Emacs. */
        -: 1642:#ifdef emacs
        -: 1643:
        -: 1644:#include "lisp.h"
        -: 1645:#include "buffer.h"
        -: 1646:#include "syntax.h"
        -: 1647:
        -: 1648:/* Emacs uses `NULL' as a predicate.  */
        -: 1649:#undef NULL
        -: 1650:
        -: 1651:#else  /* not emacs */
        -: 1652:
        -: 1653:/* We used to test for `BSTRING' here, but only GCC and Emacs define
        -: 1654:   `BSTRING', as far as I know, and neither of them use this code.  */
        -: 1655:#if HAVE_STRING_H || STDC_HEADERS
        -: 1656:#if flag_string==0
        -: 1657:#include <string.h>
        -: 1658:#define flag_string 1
        -: 1659:#endif
        -: 1660:#ifndef bcmp
        -: 1661:#define bcmp(s1, s2, n)	memcmp ((s1), (s2), (n))
        -: 1662:#endif
        -: 1663:#ifndef bcopy
        -: 1664:#define bcopy(s, d, n)	memcpy ((d), (s), (n))
        -: 1665:#endif
        -: 1666:#ifndef bzero
        -: 1667:#define bzero(s, n)	memset ((s), 0, (n))
        -: 1668:#endif
        -: 1669:#else
        -: 1670:#if flag_strings==0
        -: 1671:#include <strings.h>
        -: 1672:#define flag_strings 1
        -: 1673:#endif
        -: 1674:#endif
        -: 1675:
        -: 1676:#ifdef STDC_HEADERS
        -: 1677:#if flag_stdlib==0 
        -: 1678:#include <stdlib.h>
        -: 1679:#define flag_stdlib 1
        -: 1680:#endif
        -: 1681:#else
        -: 1682:char *malloc ();
        -: 1683:char *realloc ();
        -: 1684:#endif
        -: 1685:
        -: 1686:
        -: 1687:/* Define the syntax stuff for \<, \>, etc.  */
        -: 1688:
        -: 1689:/* This must be nonzero for the wordchar and notwordchar pattern
        -: 1690:   commands in re_match_2.  */
        -: 1691:#ifndef Sword 
        -: 1692:#define Sword 1
        -: 1693:#endif
        -: 1694:
        -: 1695:#ifdef SYNTAX_TABLE
        -: 1696:
        -: 1697:extern char *re_syntax_table;
        -: 1698:
        -: 1699:#else /* not SYNTAX_TABLE */
        -: 1700:
        -: 1701:/* How many characters in the character set.  */
        -: 1702:#define CHAR_SET_SIZE 256
        -: 1703:
        -: 1704:static char re_syntax_table[CHAR_SET_SIZE];
        -: 1705:
        -: 1706:static void
function init_syntax_once called 12787 returned 100% blocks executed 92%
    12787: 1707:init_syntax_once ()
        -: 1708:{
        -: 1709:   register int c;
        -: 1710:   static int done = 0;
        -: 1711:
    12787: 1712:   if (done)
branch  0 taken 0% (fallthrough)
branch  1 taken 100%
    #####: 1713:     return;
        -: 1714:
    12787: 1715:   bzero (re_syntax_table, sizeof re_syntax_table);
        -: 1716:
[...]
branch  1 taken 1% (fallthrough)
    27648:10575:      trans[i] = TOLOWER(i);
call    0 returned 100%
branch  1 taken 10% (fallthrough)
branch  2 taken 90%
        -:10576:
     8769:10577:  if (!(kwset = kwsalloc(match_icase ? trans : (char *) 0)))
branch  0 taken 1% (fallthrough)
branch  1 taken 99%
call    2 returned 100%
branch  3 taken 0% (fallthrough)
branch  4 taken 100%
    #####:10578:    fatal("memory exhausted", 0);
call    0 never executed
     8769:10579:}  
        -:10580:
        -:10581:/* If the DFA turns out to have some set of fixed strings one of
        -:10582:   which must occur in the match, then we build a kwset matcher
        -:10583:   to find those strings, and thus quickly filter out impossible
        -:10584:   matches. */
        -:10585:static void
function kwsmusts called 12522 returned 100% blocks executed 86%
    12522:10586:kwsmusts()
        -:10587:{
        -:10588:  struct dfamust *dm;
        -:10589:  char *err;
        -:10590:
    12522:10591:  if (dfa_1.musts)
branch  0 taken 69% (fallthrough)
branch  1 taken 31%
        -:10592:    {
     8614:10593:      kwsinit();
call    0 returned 100%
        -:10594:      /* First, we compile in the substrings known to be exact
        -:10595:	 matches.  The kwset matcher will return the index
        -:10596:	 of the matching string that it chooses. */
    17228:10597:      for (dm = dfa_1.musts; dm; dm = dm->next)
branch  0 taken 50%
branch  1 taken 50% (fallthrough)
        -:10598:	{
     8614:10599:	  if (!dm->exact)
branch  0 taken 20% (fallthrough)
branch  1 taken 80%
     1756:10600:	    continue;
     6858:10601:	  ++lastexact;
     6858:10602:	  if ((err = kwsincr(kwset, dm->must, strlen(dm->must))) != 0)
call    0 returned 100%
branch  1 taken 0% (fallthrough)
branch  2 taken 100%
    #####:10603:	    fatal(err, 0);
call    0 never executed
        -:10604:	}
        -:10605:      /* Now, we compile the substrings that will require
        -:10606:	 the use of the regexp matcher.  */
    17228:10607:      for (dm = dfa_1.musts; dm; dm = dm->next)
branch  0 taken 50%
branch  1 taken 50% (fallthrough)
        -:10608:	{
     8614:10609:	  if (dm->exact)
branch  0 taken 80% (fallthrough)
branch  1 taken 20%
     6858:10610:	    continue;
     1756:10611:	  if ((err = kwsincr(kwset, dm->must, strlen(dm->must))) != 0)
call    0 returned 100%
branch  1 taken 0% (fallthrough)
branch  2 taken 100%
    #####:10612:	    fatal(err, 0);
call    0 never executed
        -:10613:	}
     8614:10614:      if ((err = kwsprep(kwset)) != 0)
call    0 returned 100%
branch  1 taken 0% (fallthrough)
branch  2 taken 100%
    #####:10615:	fatal(err, 0);
call    0 never executed
        -:10616:    }
    12522:10617:}
        -:10618:
        -:10619:static void
function Gcompile called 12581 returned 98% blocks executed 100%
    12581:10620:Gcompile(pattern, size)
        -:10621:     char *pattern;
        -:10622:     size_t size;
        -:10623:{
        -:10624:#ifdef __STDC__
        -:10625:  const
        -:10626:#endif
        -:10627:  char *err;
        -:10628:
    12581:10629:  re_set_syntax(RE_SYNTAX_GREP | RE_HAT_LISTS_NOT_NEWLINE);
call    0 returned 100%
    12581:10630:  dfasyntax(RE_SYNTAX_GREP | RE_HAT_LISTS_NOT_NEWLINE, match_icase);
call    0 returned 100%
        -:10631:
    12581:10632:  if ((err = re_compile_pattern(pattern, size, &regex)) != 0)
call    0 returned 100%
branch  1 taken 2% (fallthrough)
branch  2 taken 98%
      254:10633:    fatal(err, 0);
call    0 returned 0%
        -:10634:
    12327:10635:  dfainit(&dfa_1);
call    0 returned 100%
        -:10636:
        -:10637:  /* In the match_words and match_lines cases, we use a different pattern
        -:10638:     for the DFA matcher that will quickly throw out cases that won't work.
        -:10639:     Then if DFA succeeds we do some hairy stuff using the regex matcher
        -:10640:     to decide whether the match should really count. */
    12647:10641:  if (match_words || match_lines)
branch  0 taken 99% (fallthrough)
branch  1 taken 1%
branch  2 taken 1% (fallthrough)
branch  3 taken 99%
        -:10642:    {
        -:10643:      /* In the whole-word case, we use the pattern:
        -:10644:	 (^|[^A-Za-z_])(userpattern)([^A-Za-z_]|$).
        -:10645:	 In the whole-line case, we use the pattern:
        -:10646:	 ^(userpattern)$.
        -:10647:	 BUG: Using [A-Za-z_] is locale-dependent!  */
        -:10648:
      320:10649:      char *n = malloc(size + 50);
call    0 returned 100%
      320:10650:      int i = 0;
        -:10651:
      320:10652:      strcpy(n, "");
        -:10653:
      320:10654:      if (match_lines)
branch  0 taken 52% (fallthrough)
branch  1 taken 48%
      165:10655:	strcpy(n, "^\\(");
      320:10656:      if (match_words)
branch  0 taken 49% (fallthrough)
branch  1 taken 51%
      157:10657:	strcpy(n, "\\(^\\|[^0-9A-Za-z_]\\)\\(");
        -:10658:
      320:10659:      i = strlen(n);
      320:10660:      bcopy(pattern, n + i, size);
      320:10661:      i += size;
        -:10662:
      320:10663:      if (match_words)
branch  0 taken 49% (fallthrough)
branch  1 taken 51%
      157:10664:	strcpy(n + i, "\\)\\([^0-9A-Za-z_]\\|$\\)");
      320:10665:      if (match_lines)
branch  0 taken 52% (fallthrough)
branch  1 taken 48%
      165:10666:	strcpy(n + i, "\\)$");
        -:10667:
      320:10668:      i += strlen(n + i);
      320:10669:      dfacomp(n, i, &dfa_1, 1);
call    0 returned 100%
        -:10670:    }
        -:10671:  else
    12007:10672:    dfacomp(pattern, size, &dfa_1, 1);
call    0 returned 99%
        -:10673:
    12324:10674:  kwsmusts();
call    0 returned 100%
    12324:10675:}
        -:10676:
        -:10677:static void
function Ecompile called 206 returned 96% blocks executed 92%
      206:10678:Ecompile(pattern, size)
        -:10679:     char *pattern;
        -:10680:     size_t size;
        -:10681:{
        -:10682:#ifdef __STDC__
        -:10683:  const
        -:10684:#endif
        -:10685:  char *err;
        -:10686:
      206:10687:  if (strcmp(matcher, "posix-egrep") == 0)
branch  0 taken 100% (fallthrough)
branch  1 taken 0%
        -:10688:    {
      206:10689:      re_set_syntax(RE_SYNTAX_POSIX_EGREP);
call    0 returned 100%
      206:10690:      dfasyntax(RE_SYNTAX_POSIX_EGREP, match_icase);
call    0 returned 100%
        -:10691:    }
        -:10692:  else
        -:10693:    {
    #####:10694:      re_set_syntax(RE_SYNTAX_EGREP);
call    0 never executed
    #####:10695:      dfasyntax(RE_SYNTAX_EGREP, match_icase);
call    0 never executed
        -:10696:    }
        -:10697:
      206:10698:  if ((err = re_compile_pattern(pattern, size, &regex)) != 0)
call    0 returned 100%
branch  1 taken 3% (fallthrough)
branch  2 taken 97%
        6:10699:    fatal(err, 0);
call    0 returned 0%
        -:10700:
      200:10701:  dfainit(&dfa_1);
call    0 returned 100%
        -:10702:
        -:10703:  /* In the match_words and match_lines cases, we use a different pattern
        -:10704:     for the DFA matcher that will quickly throw out cases that won't work.
        -:10705:     Then if DFA succeeds we do some hairy stuff using the regex matcher
        -:10706:     to decide whether the match should really count. */
      204:10707:  if (match_words || match_lines)
branch  0 taken 99% (fallthrough)
branch  1 taken 1%
branch  2 taken 1% (fallthrough)
branch  3 taken 99%
        -:10708:    {
        -:10709:      /* In the whole-word case, we use the pattern:
        -:10710:	 (^|[^A-Za-z_])(userpattern)([^A-Za-z_]|$).
        -:10711:	 In the whole-line case, we use the pattern:
        -:10712:	 ^(userpattern)$.
        -:10713:	 BUG: Using [A-Za-z_] is locale-dependent!  */
        -:10714:
        4:10715:      char *n = malloc(size + 50);
call    0 returned 100%
        4:10716:      int i = 0;
        -:10717:
        4:10718:      strcpy(n, "");
        -:10719:
        4:10720:      if (match_lines)
branch  0 taken 50% (fallthrough)
branch  1 taken 50%
        2:10721:	strcpy(n, "^(");
        4:10722:      if (match_words)
branch  0 taken 50% (fallthrough)
branch  1 taken 50%
        2:10723:	strcpy(n, "(^|[^0-9A-Za-z_])(");
        -:10724:
        4:10725:      i = strlen(n);
        4:10726:      bcopy(pattern, n + i, size);
        4:10727:      i += size;
        -:10728:
        4:10729:      if (match_words)
branch  0 taken 50% (fallthrough)
branch  1 taken 50%
        2:10730:	strcpy(n + i, ")([^0-9A-Za-z_]|$)");
        4:10731:      if (match_lines)
branch  0 taken 50% (fallthrough)
branch  1 taken 50%
        2:10732:	strcpy(n + i, ")$");
        -:10733:
        4:10734:      i += strlen(n + i);
        4:10735:      dfacomp(n, i, &dfa_1, 1);
call    0 returned 100%
        -:10736:    }
        -:10737:  else
      196:10738:    dfacomp(pattern, size, &dfa_1, 1);
call    0 returned 99%
        -:10739:
      198:10740:  kwsmusts();
call    0 returned 100%
      198:10741:}
        -:10742:
        -:10743:static char *
function EGexecute called 318366 returned 100% blocks executed 58%
   318366:10744:EGexecute(buf, size, endp)
        -:10745:     char *buf;
        -:10746:     size_t size;
        -:10747:     char **endp;
        -:10748:{
        -:10749:  register char *buflim, *beg, *end, save;
        -:10750:  int backref, start, len;
        -:10751:  struct kwsmatch kwsm;
        -:10752:  static struct re_registers regs; /* This is static on account of a BRAIN-DEAD
        -:10753:				    Q@#%!# library interface in regex.c.  */
        -:10754:
   318366:10755:  buflim = buf + size;
        -:10756:
   323432:10757:  for (beg = end = buf; end < buflim; beg = end + 1)
branch  0 taken 99%
branch  1 taken 1% (fallthrough)
        -:10758:    {
   322801:10759:      if (kwset)
branch  0 taken 7% (fallthrough)
branch  1 taken 93%
        -:10760:	{
        -:10761:	  /* Find a possible match using the KWset matcher. */
    23067:10762:	  beg = kwsexec(kwset, beg, buflim - beg, &kwsm);
call    0 returned 100%
    23067:10763:	  if (!beg)
branch  0 taken 11% (fallthrough)
branch  1 taken 89%
     2576:10764:	    goto failure;
        -:10765:	  /* Narrow down to the line containing the candidate, and
        -:10766:	     run it through DFA. */
    20491:10767:	  end = memchr(beg, '\n', buflim - beg);
    20491:10768:	  if (!end)
branch  0 taken 0% (fallthrough)
branch  1 taken 100%
    #####:10769:	    end = buflim;
   593228:10770:	  while (beg > buf && beg[-1] != '\n')
branch  0 taken 99% (fallthrough)
branch  1 taken 1%
branch  2 taken 97%
branch  3 taken 3% (fallthrough)
   552246:10771:	    --beg;
    20491:10772:	  save = *end;
    20491:10773:	  if (kwsm.index < lastexact)
branch  0 taken 61% (fallthrough)
branch  1 taken 39%
    12489:10774:	    goto success;
     8002:10775:	  if (!dfaexec(&dfa_1, beg, end, 0, (int *) 0, &backref))
call    0 returned 100%
branch  1 taken 63% (fallthrough)
branch  2 taken 37%
        -:10776:	    {
     5066:10777:	      *end = save;
     5066:10778:	      continue;
        -:10779:	    }
     2936:10780:	  *end = save;
        -:10781:	  /* Successful, no backreferences encountered. */
     2936:10782:	  if (!backref)
branch  0 taken 100% (fallthrough)
branch  1 taken 0%
     2936:10783:	    goto success;
        -:10784:	}
        -:10785:      else
        -:10786:	{
        -:10787:	  /* No good fixed strings; start with DFA. */
   299734:10788:	  save = *buflim;
   299734:10789:	  beg = dfaexec(&dfa_1, beg, buflim, 0, (int *) 0, &backref);
call    0 returned 100%
   299734:10790:	  *buflim = save;
   299734:10791:	  if (!beg)
branch  0 taken 1% (fallthrough)
branch  1 taken 99%
        9:10792:	    goto failure;
        -:10793:	  /* Narrow down to the line we've found. */
   299725:10794:	  end = memchr(beg, '\n', buflim - beg);
   299725:10795:	  if (!end)
branch  0 taken 1% (fallthrough)
branch  1 taken 99%
        5:10796:	    end = buflim;
   985147:10797:	  while (beg > buf && beg[-1] != '\n')
branch  0 taken 57% (fallthrough)
branch  1 taken 43%
branch  2 taken 99%
branch  3 taken 1% (fallthrough)
   385697:10798:	    --beg;
        -:10799:	  /* Successful, no backreferences encountered! */
   299725:10800:	  if (!backref)
branch  0 taken 100% (fallthrough)
branch  1 taken 0%
   299725:10801:	    goto success;
        -:10802:	}
        -:10803:      /* If we've made it to this point, this means DFA has seen
        -:10804:	 a probable match, and we need to run it through Regex. */
    #####:10805:      regex.not_eol = 0;
    #####:10806:      if ((start = re_search(&regex, beg, end - beg, 0, end - beg, &regs)) >= 0)
call    0 never executed
branch  1 never executed
branch  2 never executed
        -:10807:	{
    #####:10808:	  len = regs.end[0] - start;
    #####:10809:	  if (!match_lines && !match_words || match_lines && len == end - beg)
branch  0 never executed
branch  1 never executed
branch  2 never executed
branch  3 never executed
branch  4 never executed
branch  5 never executed
branch  6 never executed
branch  7 never executed
        -:10810:	    goto success;
        -:10811:	  /* If -w, check if the match aligns with word boundaries.
        -:10812:	     We do this iteratively because:
        -:10813:	     (a) the line may contain more than one occurence of the pattern, and
        -:10814:	     (b) Several alternatives in the pattern might be valid at a given
        -:10815:	     point, and we may need to consider a shorter one to find a word
        -:10816:	     boundary. */
    #####:10817:	  if (match_words)
branch  0 never executed
branch  1 never executed
    #####:10818:	    while (start >= 0)
branch  0 never executed
branch  1 never executed
        -:10819:	      {
    #####:10820:		if ((start == 0 || !WCHAR(beg[start - 1]))
branch  0 never executed
branch  1 never executed
call    2 never executed
branch  3 never executed
branch  4 never executed
branch  5 never executed
branch  6 never executed
branch  7 never executed
branch  8 never executed
branch  9 never executed
branch 10 never executed
branch 11 never executed
branch 12 never executed
    #####:10821:		    && (len == end - beg || !WCHAR(beg[start + len])))
call    0 never executed
        -:10822:		  goto success;
    #####:10823:		if (len > 0)
branch  0 never executed
branch  1 never executed
        -:10824:		  {
        -:10825:		    /* Try a shorter length anchored at the same place. */
    #####:10826:		    --len;
    #####:10827:		    regex.not_eol = 1;
    #####:10828:		    len = re_match(&regex, beg, start + len, start, &regs);
call    0 never executed
        -:10829:		  }
    #####:10830:		if (len <= 0)
branch  0 never executed
branch  1 never executed
        -:10831:		  {
        -:10832:		    /* Try looking further on. */
    #####:10833:		    if (start == end - beg)
branch  0 never executed
branch  1 never executed
    #####:10834:		      break;
    #####:10835:		    ++start;
    #####:10836:		    regex.not_eol = 0;
    #####:10837:		    start = re_search(&regex, beg, end - beg,
call    0 never executed
        -:10838:				      start, end - beg - start, &regs);
    #####:10839:		    len = regs.end[0] - start;
        -:10840:		  }
        -:10841:	      }
        -:10842:	}
        -:10843:    }
        -:10844:
        -:10845: failure:
     3216:10846:  return 0;
        -:10847:
        -:10848: success:
   315150:10849:  *endp = end < buflim ? end + 1 : end;
branch  0 taken 99% (fallthrough)
branch  1 taken 1%
   315150:10850:  return beg;
        -:10851:}
        -:10852:
        -:10853:static void
function Fcompile called 155 returned 100% blocks executed 88%
      155:10854:Fcompile(pattern, size)
        -:10855:     char *pattern;
        -:10856:     size_t size;
        -:10857:{
        -:10858:  char *beg, *lim, *err;
        -:10859:
      155:10860:  kwsinit();
call    0 returned 100%
      155:10861:  beg = pattern;
        -:10862:  do
        -:10863:    {
      155:10864:      for (lim = beg; lim < pattern + size && *lim != '\n'; ++lim)
branch  0 taken 32% (fallthrough)
branch  1 taken 68%
branch  2 taken 97%
branch  3 taken 3% (fallthrough)
        -:10865:	;
      155:10866:      if ((err = kwsincr(kwset, beg, lim - beg)) != 0)
call    0 returned 100%
branch  1 taken 0% (fallthrough)
branch  2 taken 100%
    #####:10867:	fatal(err, 0);
call    0 never executed
      155:10868:      if (lim < pattern + size)
branch  0 taken 1% (fallthrough)
branch  1 taken 99%
        2:10869:	++lim;
      155:10870:      beg = lim;
        -:10871:    }
      155:10872:  while (beg < pattern + size);
branch  0 taken 0%
branch  1 taken 100% (fallthrough)
        -:10873:
      155:10874:  if ((err = kwsprep(kwset)) != 0)
call    0 returned 100%
branch  1 taken 0% (fallthrough)
branch  2 taken 100%
    #####:10875:    fatal(err, 0);
call    0 never executed
      155:10876:}
        -:10877:
        -:10878:static char *
function Fexecute called 497 returned 100% blocks executed 38%
      497:10879:Fexecute(buf, size, endp)
        -:10880:     char *buf;
        -:10881:     size_t size;
        -:10882:     char **endp;
        -:10883:{
        -:10884:  register char *beg, *try, *end;
        -:10885:  register size_t len;
        -:10886:  struct kwsmatch kwsmatch;
        -:10887:
      497:10888:  for (beg = buf; beg <= buf + size; ++beg)
branch  0 taken 100%
branch  1 taken 0% (fallthrough)
        -:10889:    {
      497:10890:      if (!(beg = kwsexec(kwset, beg, buf + size - beg, &kwsmatch)))
call    0 returned 100%
branch  1 taken 1% (fallthrough)
branch  2 taken 99%
        6:10891:	return 0;
      491:10892:      len = kwsmatch.size[0];
      491:10893:      if (match_lines)
branch  0 taken 0% (fallthrough)
branch  1 taken 100%
        -:10894:	{
    #####:10895:	  if (beg > buf && beg[-1] != '\n')
branch  0 never executed
branch  1 never executed
branch  2 never executed
branch  3 never executed
    #####:10896:	    continue;
    #####:10897:	  if (beg + len < buf + size && beg[len] != '\n')
branch  0 never executed
branch  1 never executed
branch  2 never executed
branch  3 never executed
    #####:10898:	    continue;
    #####:10899:	  goto success;
        -:10900:	}
      491:10901:      else if (match_words)
branch  0 taken 0% (fallthrough)
branch  1 taken 100%
    #####:10902:	for (try = beg; len && try;)
branch  0 never executed
branch  1 never executed
branch  2 never executed
branch  3 never executed
        -:10903:	  {
    #####:10904:	    if (try > buf && WCHAR((unsigned char) try[-1]))
branch  0 never executed
branch  1 never executed
call    2 never executed
branch  3 never executed
branch  4 never executed
branch  5 never executed
branch  6 never executed
        -:10905:	      break;
    #####:10906:	    if (try + len < buf + size && WCHAR((unsigned char) try[len]))
branch  0 never executed
branch  1 never executed
call    2 never executed
branch  3 never executed
branch  4 never executed
branch  5 never executed
branch  6 never executed
        -:10907:	      {
    #####:10908:		try = kwsexec(kwset, beg, --len, &kwsmatch);
call    0 never executed
    #####:10909:		len = kwsmatch.size[0];
        -:10910:	      }
        -:10911:	    else
        -:10912:	      goto success;
        -:10913:	  }
        -:10914:      else
      491:10915:	goto success;
        -:10916:    }
        -:10917:
    #####:10918:  return 0;
        -:10919:
        -:10920: success:
      491:10921:  if ((end = memchr(beg + len, '\n', (buf + size) - (beg + len))) != 0)
branch  0 taken 99% (fallthrough)
branch  1 taken 1%
      490:10922:    ++end;
        -:10923:  else
        1:10924:    end = buf + size;
      491:10925:  *endp = end;
      982:10926:  while (beg > buf && beg[-1] != '\n')
branch  0 taken 0% (fallthrough)
branch  1 taken 100%
branch  2 never executed
branch  3 never executed
    #####:10927:    --beg;
      491:10928:  return beg;
        -:10929:}
